2015-09-10 14:18:52 [127.0.0.1][-][-][error][yii\db\Exception] exception 'PDOException' with message 'SQLSTATE[28000] [1045] Access denied for user 'root'@'localhost' (using password: YES)' in /var/www/play.pe/basic/_protected/vendor/yiisoft/yii2/db/Connection.php:579
Stack trace:
#0 /var/www/play.pe/basic/_protected/vendor/yiisoft/yii2/db/Connection.php(579): PDO->__construct('mysql:host=loca...', 'root', 'root', NULL)
#1 /var/www/play.pe/basic/_protected/vendor/yiisoft/yii2/db/Connection.php(529): yii\db\Connection->createPdoInstance()
#2 /var/www/play.pe/basic/_protected/vendor/yiisoft/yii2/db/Connection.php(836): yii\db\Connection->open()
#3 /var/www/play.pe/basic/_protected/vendor/yiisoft/yii2/db/Connection.php(823): yii\db\Connection->getMasterPdo()
#4 /var/www/play.pe/basic/_protected/vendor/yiisoft/yii2/db/Schema.php(477): yii\db\Connection->getSlavePdo()
#5 /var/www/play.pe/basic/_protected/vendor/yiisoft/yii2/db/Connection.php(732): yii\db\Schema->quoteValue('<span class="st...')
#6 /var/www/play.pe/basic/_protected/vendor/yiisoft/yii2/db/Command.php(172): yii\db\Connection->quoteValue('<span class="st...')
#7 /var/www/play.pe/basic/_protected/vendor/yiisoft/yii2/db/Command.php(806): yii\db\Command->getRawSql()
#8 /var/www/play.pe/basic/_protected/vendor/yiisoft/yii2/db/Command.php(373): yii\db\Command->queryInternal('<span class="st...', '<span class="ke...')
#9 /var/www/play.pe/basic/_protected/vendor/yiisoft/yii2/db/Query.php(243): yii\db\Command->queryOne()
#10 /var/www/play.pe/basic/_protected/vendor/yiisoft/yii2/rbac/DbManager.php(229): yii\db\Query->one(Object(yii\db\Connection))
#11 /var/www/play.pe/basic/_protected/vendor/yiisoft/yii2/rbac/DbManager.php(186): yii\rbac\DbManager->getItem('<span class="st...')
#12 /var/www/play.pe/basic/_protected/vendor/yiisoft/yii2/rbac/DbManager.php(126): yii\rbac\DbManager->checkAccessRecursive('<span class="ke...', '<span class="st...', '[]', '[]')
#13 /var/www/play.pe/basic/_protected/vendor/yiisoft/yii2/web/User.php(661): yii\rbac\DbManager->checkAccess('<span class="ke...', '<span class="st...', '[]')
#14 /var/www/play.pe/basic/_protected/views/layouts/main.php(40): yii\web\User->can('<span class="st...')
#15 /var/www/play.pe/basic/_protected/vendor/yiisoft/yii2/base/View.php(325): require('/var/www/play.p...')
#16 /var/www/play.pe/basic/_protected/vendor/yiisoft/yii2/base/View.php(247): yii\base\View->renderPhpFile('<span class="st...', '[<span class="s...')
#17 /var/www/play.pe/basic/_protected/vendor/yiisoft/yii2/base/Controller.php(386): yii\base\View->renderFile('<span class="st...', '[<span class="s...', Object(app\controllers\SiteController))
#18 /var/www/play.pe/basic/_protected/vendor/yiisoft/yii2/base/Controller.php(372): yii\base\Controller->renderContent('<span class="st...')
#19 /var/www/play.pe/basic/_protected/controllers/SiteController.php(89): yii\base\Controller->render('<span class="st...')
#20 [internal function]: app\controllers\SiteController->actionIndex()
#21 /var/www/play.pe/basic/_protected/vendor/yiisoft/yii2/base/InlineAction.php(55): call_user_func_array('[<span class="t...', '[]')
#22 /var/www/play.pe/basic/_protected/vendor/yiisoft/yii2/base/Controller.php(151): yii\base\InlineAction->runWithParams('[]')
#23 /var/www/play.pe/basic/_protected/vendor/yiisoft/yii2/base/Module.php(455): yii\base\Controller->runAction('<span class="st...', '[]')
#24 /var/www/play.pe/basic/_protected/vendor/yiisoft/yii2/web/Application.php(84): yii\base\Module->runAction('<span class="st...', '[]')
#25 /var/www/play.pe/basic/_protected/vendor/yiisoft/yii2/base/Application.php(375): yii\web\Application->handleRequest(Object(yii\web\Request))
#26 /var/www/play.pe/basic/index.php(12): yii\base\Application->run()
#27 {main}

Next exception 'yii\db\Exception' with message 'SQLSTATE[28000] [1045] Access denied for user 'root'@'localhost' (using password: YES)' in /var/www/play.pe/basic/_protected/vendor/yiisoft/yii2/db/Connection.php:534
Stack trace:
#0 /var/www/play.pe/basic/_protected/vendor/yiisoft/yii2/db/Connection.php(836): yii\db\Connection->open()
#1 /var/www/play.pe/basic/_protected/vendor/yiisoft/yii2/db/Connection.php(823): yii\db\Connection->getMasterPdo()
#2 /var/www/play.pe/basic/_protected/vendor/yiisoft/yii2/db/Schema.php(477): yii\db\Connection->getSlavePdo()
#3 /var/www/play.pe/basic/_protected/vendor/yiisoft/yii2/db/Connection.php(732): yii\db\Schema->quoteValue('<span class="st...')
#4 /var/www/play.pe/basic/_protected/vendor/yiisoft/yii2/db/Command.php(172): yii\db\Connection->quoteValue('<span class="st...')
#5 /var/www/play.pe/basic/_protected/vendor/yiisoft/yii2/db/Command.php(806): yii\db\Command->getRawSql()
#6 /var/www/play.pe/basic/_protected/vendor/yiisoft/yii2/db/Command.php(373): yii\db\Command->queryInternal('<span class="st...', '<span class="ke...')
#7 /var/www/play.pe/basic/_protected/vendor/yiisoft/yii2/db/Query.php(243): yii\db\Command->queryOne()
#8 /var/www/play.pe/basic/_protected/vendor/yiisoft/yii2/rbac/DbManager.php(229): yii\db\Query->one(Object(yii\db\Connection))
#9 /var/www/play.pe/basic/_protected/vendor/yiisoft/yii2/rbac/DbManager.php(186): yii\rbac\DbManager->getItem('<span class="st...')
#10 /var/www/play.pe/basic/_protected/vendor/yiisoft/yii2/rbac/DbManager.php(126): yii\rbac\DbManager->checkAccessRecursive('<span class="ke...', '<span class="st...', '[]', '[]')
#11 /var/www/play.pe/basic/_protected/vendor/yiisoft/yii2/web/User.php(661): yii\rbac\DbManager->checkAccess('<span class="ke...', '<span class="st...', '[]')
#12 /var/www/play.pe/basic/_protected/views/layouts/main.php(40): yii\web\User->can('<span class="st...')
#13 /var/www/play.pe/basic/_protected/vendor/yiisoft/yii2/base/View.php(325): require('/var/www/play.p...')
#14 /var/www/play.pe/basic/_protected/vendor/yiisoft/yii2/base/View.php(247): yii\base\View->renderPhpFile('<span class="st...', '[<span class="s...')
#15 /var/www/play.pe/basic/_protected/vendor/yiisoft/yii2/base/Controller.php(386): yii\base\View->renderFile('<span class="st...', '[<span class="s...', Object(app\controllers\SiteController))
#16 /var/www/play.pe/basic/_protected/vendor/yiisoft/yii2/base/Controller.php(372): yii\base\Controller->renderContent('<span class="st...')
#17 /var/www/play.pe/basic/_protected/controllers/SiteController.php(89): yii\base\Controller->render('<span class="st...')
#18 [internal function]: app\controllers\SiteController->actionIndex()
#19 /var/www/play.pe/basic/_protected/vendor/yiisoft/yii2/base/InlineAction.php(55): call_user_func_array('[<span class="t...', '[]')
#20 /var/www/play.pe/basic/_protected/vendor/yiisoft/yii2/base/Controller.php(151): yii\base\InlineAction->runWithParams('[]')
#21 /var/www/play.pe/basic/_protected/vendor/yiisoft/yii2/base/Module.php(455): yii\base\Controller->runAction('<span class="st...', '[]')
#22 /var/www/play.pe/basic/_protected/vendor/yiisoft/yii2/web/Application.php(84): yii\base\Module->runAction('<span class="st...', '[]')
#23 /var/www/play.pe/basic/_protected/vendor/yiisoft/yii2/base/Application.php(375): yii\web\Application->handleRequest(Object(yii\web\Request))
#24 /var/www/play.pe/basic/index.php(12): yii\base\Application->run()
#25 {main}
Additional Information:

2015-09-10 14:18:52 [127.0.0.1][-][-][info][application] $_SERVER = [
    'HTTP_HOST' => 'play.pe'
    'HTTP_USER_AGENT' => 'Mozilla/5.0 (X11; Ubuntu; Linux x86_64; rv:40.0) Gecko/20100101 Firefox/40.0'
    'HTTP_ACCEPT' => 'text/html,application/xhtml+xml,application/xml;q=0.9,*/*;q=0.8'
    'HTTP_ACCEPT_LANGUAGE' => 'en-US,en;q=0.5'
    'HTTP_ACCEPT_ENCODING' => 'gzip, deflate'
    'HTTP_CONNECTION' => 'keep-alive'
    'PATH' => '/usr/local/sbin:/usr/local/bin:/usr/sbin:/usr/bin:/sbin:/bin'
    'SERVER_SIGNATURE' => '<address>Apache/2.4.7 (Ubuntu) Server at play.pe Port 80</address>
'
    'SERVER_SOFTWARE' => 'Apache/2.4.7 (Ubuntu)'
    'SERVER_NAME' => 'play.pe'
    'SERVER_ADDR' => '127.0.0.1'
    'SERVER_PORT' => '80'
    'REMOTE_ADDR' => '127.0.0.1'
    'DOCUMENT_ROOT' => '/var/www/play.pe'
    'REQUEST_SCHEME' => 'http'
    'CONTEXT_PREFIX' => ''
    'CONTEXT_DOCUMENT_ROOT' => '/var/www/play.pe'
    'SERVER_ADMIN' => '[no address given]'
    'SCRIPT_FILENAME' => '/var/www/play.pe/basic/index.php'
    'REMOTE_PORT' => '33962'
    'GATEWAY_INTERFACE' => 'CGI/1.1'
    'SERVER_PROTOCOL' => 'HTTP/1.1'
    'REQUEST_METHOD' => 'GET'
    'QUERY_STRING' => ''
    'REQUEST_URI' => '/basic/'
    'SCRIPT_NAME' => '/basic/index.php'
    'PHP_SELF' => '/basic/index.php'
    'REQUEST_TIME_FLOAT' => 1441894732.303
    'REQUEST_TIME' => 1441894732
]
2015-09-10 14:25:41 [127.0.0.1][-][-][error][yii\db\Exception] exception 'PDOException' with message 'SQLSTATE[42S02]: Base table or view not found: 1146 Table 'play.auth_item' doesn't exist' in /var/www/play.pe/basic/_protected/vendor/yiisoft/yii2/db/Command.php:837
Stack trace:
#0 /var/www/play.pe/basic/_protected/vendor/yiisoft/yii2/db/Command.php(837): PDOStatement->execute()
#1 /var/www/play.pe/basic/_protected/vendor/yiisoft/yii2/db/Command.php(373): yii\db\Command->queryInternal('<span class="st...', '<span class="ke...')
#2 /var/www/play.pe/basic/_protected/vendor/yiisoft/yii2/db/Query.php(243): yii\db\Command->queryOne()
#3 /var/www/play.pe/basic/_protected/vendor/yiisoft/yii2/rbac/DbManager.php(229): yii\db\Query->one(Object(yii\db\Connection))
#4 /var/www/play.pe/basic/_protected/vendor/yiisoft/yii2/rbac/DbManager.php(186): yii\rbac\DbManager->getItem('<span class="st...')
#5 /var/www/play.pe/basic/_protected/vendor/yiisoft/yii2/rbac/DbManager.php(126): yii\rbac\DbManager->checkAccessRecursive('<span class="ke...', '<span class="st...', '[]', '[]')
#6 /var/www/play.pe/basic/_protected/vendor/yiisoft/yii2/web/User.php(661): yii\rbac\DbManager->checkAccess('<span class="ke...', '<span class="st...', '[]')
#7 /var/www/play.pe/basic/_protected/views/layouts/main.php(40): yii\web\User->can('<span class="st...')
#8 /var/www/play.pe/basic/_protected/vendor/yiisoft/yii2/base/View.php(325): require('/var/www/play.p...')
#9 /var/www/play.pe/basic/_protected/vendor/yiisoft/yii2/base/View.php(247): yii\base\View->renderPhpFile('<span class="st...', '[<span class="s...')
#10 /var/www/play.pe/basic/_protected/vendor/yiisoft/yii2/base/Controller.php(386): yii\base\View->renderFile('<span class="st...', '[<span class="s...', Object(app\controllers\SiteController))
#11 /var/www/play.pe/basic/_protected/vendor/yiisoft/yii2/base/Controller.php(372): yii\base\Controller->renderContent('<span class="st...')
#12 /var/www/play.pe/basic/_protected/controllers/SiteController.php(89): yii\base\Controller->render('<span class="st...')
#13 [internal function]: app\controllers\SiteController->actionIndex()
#14 /var/www/play.pe/basic/_protected/vendor/yiisoft/yii2/base/InlineAction.php(55): call_user_func_array('[<span class="t...', '[]')
#15 /var/www/play.pe/basic/_protected/vendor/yiisoft/yii2/base/Controller.php(151): yii\base\InlineAction->runWithParams('[]')
#16 /var/www/play.pe/basic/_protected/vendor/yiisoft/yii2/base/Module.php(455): yii\base\Controller->runAction('<span class="st...', '[]')
#17 /var/www/play.pe/basic/_protected/vendor/yiisoft/yii2/web/Application.php(84): yii\base\Module->runAction('<span class="st...', '[]')
#18 /var/www/play.pe/basic/_protected/vendor/yiisoft/yii2/base/Application.php(375): yii\web\Application->handleRequest(Object(yii\web\Request))
#19 /var/www/play.pe/basic/index.php(12): yii\base\Application->run()
#20 {main}

Next exception 'yii\db\Exception' with message 'SQLSTATE[42S02]: Base table or view not found: 1146 Table 'play.auth_item' doesn't exist
The SQL being executed was: SELECT * FROM `auth_item` WHERE `name`='editor'' in /var/www/play.pe/basic/_protected/vendor/yiisoft/yii2/db/Schema.php:628
Stack trace:
#0 /var/www/play.pe/basic/_protected/vendor/yiisoft/yii2/db/Command.php(852): yii\db\Schema->convertException(Object(PDOException), 'SELECT * FROM `...')
#1 /var/www/play.pe/basic/_protected/vendor/yiisoft/yii2/db/Command.php(373): yii\db\Command->queryInternal('<span class="st...', '<span class="ke...')
#2 /var/www/play.pe/basic/_protected/vendor/yiisoft/yii2/db/Query.php(243): yii\db\Command->queryOne()
#3 /var/www/play.pe/basic/_protected/vendor/yiisoft/yii2/rbac/DbManager.php(229): yii\db\Query->one(Object(yii\db\Connection))
#4 /var/www/play.pe/basic/_protected/vendor/yiisoft/yii2/rbac/DbManager.php(186): yii\rbac\DbManager->getItem('<span class="st...')
#5 /var/www/play.pe/basic/_protected/vendor/yiisoft/yii2/rbac/DbManager.php(126): yii\rbac\DbManager->checkAccessRecursive('<span class="ke...', '<span class="st...', '[]', '[]')
#6 /var/www/play.pe/basic/_protected/vendor/yiisoft/yii2/web/User.php(661): yii\rbac\DbManager->checkAccess('<span class="ke...', '<span class="st...', '[]')
#7 /var/www/play.pe/basic/_protected/views/layouts/main.php(40): yii\web\User->can('<span class="st...')
#8 /var/www/play.pe/basic/_protected/vendor/yiisoft/yii2/base/View.php(325): require('/var/www/play.p...')
#9 /var/www/play.pe/basic/_protected/vendor/yiisoft/yii2/base/View.php(247): yii\base\View->renderPhpFile('<span class="st...', '[<span class="s...')
#10 /var/www/play.pe/basic/_protected/vendor/yiisoft/yii2/base/Controller.php(386): yii\base\View->renderFile('<span class="st...', '[<span class="s...', Object(app\controllers\SiteController))
#11 /var/www/play.pe/basic/_protected/vendor/yiisoft/yii2/base/Controller.php(372): yii\base\Controller->renderContent('<span class="st...')
#12 /var/www/play.pe/basic/_protected/controllers/SiteController.php(89): yii\base\Controller->render('<span class="st...')
#13 [internal function]: app\controllers\SiteController->actionIndex()
#14 /var/www/play.pe/basic/_protected/vendor/yiisoft/yii2/base/InlineAction.php(55): call_user_func_array('[<span class="t...', '[]')
#15 /var/www/play.pe/basic/_protected/vendor/yiisoft/yii2/base/Controller.php(151): yii\base\InlineAction->runWithParams('[]')
#16 /var/www/play.pe/basic/_protected/vendor/yiisoft/yii2/base/Module.php(455): yii\base\Controller->runAction('<span class="st...', '[]')
#17 /var/www/play.pe/basic/_protected/vendor/yiisoft/yii2/web/Application.php(84): yii\base\Module->runAction('<span class="st...', '[]')
#18 /var/www/play.pe/basic/_protected/vendor/yiisoft/yii2/base/Application.php(375): yii\web\Application->handleRequest(Object(yii\web\Request))
#19 /var/www/play.pe/basic/index.php(12): yii\base\Application->run()
#20 {main}
Additional Information:
Array
(
    [0] => 42S02
    [1] => 1146
    [2] => Table 'play.auth_item' doesn't exist
)

2015-09-10 14:25:41 [127.0.0.1][-][-][info][application] $_COOKIE = [
    '_csrf' => '634fac5d8f4e414ebe3c64534c52e76286114f6746cba1687c22b318bcc718dfa:2:{i:0;s:5:\"_csrf\";i:1;s:32:\"240muJO5uUTYgliICL_7WKGPaScpEdVr\";}'
]

$_SERVER = [
    'HTTP_HOST' => 'play.pe'
    'HTTP_USER_AGENT' => 'Mozilla/5.0 (X11; Ubuntu; Linux x86_64; rv:40.0) Gecko/20100101 Firefox/40.0'
    'HTTP_ACCEPT' => 'text/html,application/xhtml+xml,application/xml;q=0.9,*/*;q=0.8'
    'HTTP_ACCEPT_LANGUAGE' => 'en-US,en;q=0.5'
    'HTTP_ACCEPT_ENCODING' => 'gzip, deflate'
    'HTTP_COOKIE' => '_csrf=634fac5d8f4e414ebe3c64534c52e76286114f6746cba1687c22b318bcc718dfa%3A2%3A%7Bi%3A0%3Bs%3A5%3A%22_csrf%22%3Bi%3A1%3Bs%3A32%3A%22240muJO5uUTYgliICL_7WKGPaScpEdVr%22%3B%7D'
    'HTTP_CONNECTION' => 'keep-alive'
    'HTTP_CACHE_CONTROL' => 'max-age=0'
    'PATH' => '/usr/local/sbin:/usr/local/bin:/usr/sbin:/usr/bin:/sbin:/bin'
    'SERVER_SIGNATURE' => '<address>Apache/2.4.7 (Ubuntu) Server at play.pe Port 80</address>
'
    'SERVER_SOFTWARE' => 'Apache/2.4.7 (Ubuntu)'
    'SERVER_NAME' => 'play.pe'
    'SERVER_ADDR' => '127.0.0.1'
    'SERVER_PORT' => '80'
    'REMOTE_ADDR' => '127.0.0.1'
    'DOCUMENT_ROOT' => '/var/www/play.pe'
    'REQUEST_SCHEME' => 'http'
    'CONTEXT_PREFIX' => ''
    'CONTEXT_DOCUMENT_ROOT' => '/var/www/play.pe'
    'SERVER_ADMIN' => '[no address given]'
    'SCRIPT_FILENAME' => '/var/www/play.pe/basic/index.php'
    'REMOTE_PORT' => '34029'
    'GATEWAY_INTERFACE' => 'CGI/1.1'
    'SERVER_PROTOCOL' => 'HTTP/1.1'
    'REQUEST_METHOD' => 'GET'
    'QUERY_STRING' => ''
    'REQUEST_URI' => '/basic/'
    'SCRIPT_NAME' => '/basic/index.php'
    'PHP_SELF' => '/basic/index.php'
    'REQUEST_TIME_FLOAT' => 1441895141.145
    'REQUEST_TIME' => 1441895141
]
2015-09-10 14:25:42 [127.0.0.1][-][-][error][yii\db\Exception] exception 'PDOException' with message 'SQLSTATE[42S02]: Base table or view not found: 1146 Table 'play.auth_item' doesn't exist' in /var/www/play.pe/basic/_protected/vendor/yiisoft/yii2/db/Command.php:837
Stack trace:
#0 /var/www/play.pe/basic/_protected/vendor/yiisoft/yii2/db/Command.php(837): PDOStatement->execute()
#1 /var/www/play.pe/basic/_protected/vendor/yiisoft/yii2/db/Command.php(373): yii\db\Command->queryInternal('<span class="st...', '<span class="ke...')
#2 /var/www/play.pe/basic/_protected/vendor/yiisoft/yii2/db/Query.php(243): yii\db\Command->queryOne()
#3 /var/www/play.pe/basic/_protected/vendor/yiisoft/yii2/rbac/DbManager.php(229): yii\db\Query->one(Object(yii\db\Connection))
#4 /var/www/play.pe/basic/_protected/vendor/yiisoft/yii2/rbac/DbManager.php(186): yii\rbac\DbManager->getItem('<span class="st...')
#5 /var/www/play.pe/basic/_protected/vendor/yiisoft/yii2/rbac/DbManager.php(126): yii\rbac\DbManager->checkAccessRecursive('<span class="ke...', '<span class="st...', '[]', '[]')
#6 /var/www/play.pe/basic/_protected/vendor/yiisoft/yii2/web/User.php(661): yii\rbac\DbManager->checkAccess('<span class="ke...', '<span class="st...', '[]')
#7 /var/www/play.pe/basic/_protected/views/layouts/main.php(40): yii\web\User->can('<span class="st...')
#8 /var/www/play.pe/basic/_protected/vendor/yiisoft/yii2/base/View.php(325): require('/var/www/play.p...')
#9 /var/www/play.pe/basic/_protected/vendor/yiisoft/yii2/base/View.php(247): yii\base\View->renderPhpFile('<span class="st...', '[<span class="s...')
#10 /var/www/play.pe/basic/_protected/vendor/yiisoft/yii2/base/Controller.php(386): yii\base\View->renderFile('<span class="st...', '[<span class="s...', Object(app\controllers\SiteController))
#11 /var/www/play.pe/basic/_protected/vendor/yiisoft/yii2/base/Controller.php(372): yii\base\Controller->renderContent('<span class="st...')
#12 /var/www/play.pe/basic/_protected/controllers/SiteController.php(89): yii\base\Controller->render('<span class="st...')
#13 [internal function]: app\controllers\SiteController->actionIndex()
#14 /var/www/play.pe/basic/_protected/vendor/yiisoft/yii2/base/InlineAction.php(55): call_user_func_array('[<span class="t...', '[]')
#15 /var/www/play.pe/basic/_protected/vendor/yiisoft/yii2/base/Controller.php(151): yii\base\InlineAction->runWithParams('[]')
#16 /var/www/play.pe/basic/_protected/vendor/yiisoft/yii2/base/Module.php(455): yii\base\Controller->runAction('<span class="st...', '[]')
#17 /var/www/play.pe/basic/_protected/vendor/yiisoft/yii2/web/Application.php(84): yii\base\Module->runAction('<span class="st...', '[]')
#18 /var/www/play.pe/basic/_protected/vendor/yiisoft/yii2/base/Application.php(375): yii\web\Application->handleRequest(Object(yii\web\Request))
#19 /var/www/play.pe/basic/index.php(12): yii\base\Application->run()
#20 {main}

Next exception 'yii\db\Exception' with message 'SQLSTATE[42S02]: Base table or view not found: 1146 Table 'play.auth_item' doesn't exist
The SQL being executed was: SELECT * FROM `auth_item` WHERE `name`='editor'' in /var/www/play.pe/basic/_protected/vendor/yiisoft/yii2/db/Schema.php:628
Stack trace:
#0 /var/www/play.pe/basic/_protected/vendor/yiisoft/yii2/db/Command.php(852): yii\db\Schema->convertException(Object(PDOException), 'SELECT * FROM `...')
#1 /var/www/play.pe/basic/_protected/vendor/yiisoft/yii2/db/Command.php(373): yii\db\Command->queryInternal('<span class="st...', '<span class="ke...')
#2 /var/www/play.pe/basic/_protected/vendor/yiisoft/yii2/db/Query.php(243): yii\db\Command->queryOne()
#3 /var/www/play.pe/basic/_protected/vendor/yiisoft/yii2/rbac/DbManager.php(229): yii\db\Query->one(Object(yii\db\Connection))
#4 /var/www/play.pe/basic/_protected/vendor/yiisoft/yii2/rbac/DbManager.php(186): yii\rbac\DbManager->getItem('<span class="st...')
#5 /var/www/play.pe/basic/_protected/vendor/yiisoft/yii2/rbac/DbManager.php(126): yii\rbac\DbManager->checkAccessRecursive('<span class="ke...', '<span class="st...', '[]', '[]')
#6 /var/www/play.pe/basic/_protected/vendor/yiisoft/yii2/web/User.php(661): yii\rbac\DbManager->checkAccess('<span class="ke...', '<span class="st...', '[]')
#7 /var/www/play.pe/basic/_protected/views/layouts/main.php(40): yii\web\User->can('<span class="st...')
#8 /var/www/play.pe/basic/_protected/vendor/yiisoft/yii2/base/View.php(325): require('/var/www/play.p...')
#9 /var/www/play.pe/basic/_protected/vendor/yiisoft/yii2/base/View.php(247): yii\base\View->renderPhpFile('<span class="st...', '[<span class="s...')
#10 /var/www/play.pe/basic/_protected/vendor/yiisoft/yii2/base/Controller.php(386): yii\base\View->renderFile('<span class="st...', '[<span class="s...', Object(app\controllers\SiteController))
#11 /var/www/play.pe/basic/_protected/vendor/yiisoft/yii2/base/Controller.php(372): yii\base\Controller->renderContent('<span class="st...')
#12 /var/www/play.pe/basic/_protected/controllers/SiteController.php(89): yii\base\Controller->render('<span class="st...')
#13 [internal function]: app\controllers\SiteController->actionIndex()
#14 /var/www/play.pe/basic/_protected/vendor/yiisoft/yii2/base/InlineAction.php(55): call_user_func_array('[<span class="t...', '[]')
#15 /var/www/play.pe/basic/_protected/vendor/yiisoft/yii2/base/Controller.php(151): yii\base\InlineAction->runWithParams('[]')
#16 /var/www/play.pe/basic/_protected/vendor/yiisoft/yii2/base/Module.php(455): yii\base\Controller->runAction('<span class="st...', '[]')
#17 /var/www/play.pe/basic/_protected/vendor/yiisoft/yii2/web/Application.php(84): yii\base\Module->runAction('<span class="st...', '[]')
#18 /var/www/play.pe/basic/_protected/vendor/yiisoft/yii2/base/Application.php(375): yii\web\Application->handleRequest(Object(yii\web\Request))
#19 /var/www/play.pe/basic/index.php(12): yii\base\Application->run()
#20 {main}
Additional Information:
Array
(
    [0] => 42S02
    [1] => 1146
    [2] => Table 'play.auth_item' doesn't exist
)

2015-09-10 14:25:42 [127.0.0.1][-][-][info][application] $_COOKIE = [
    '_csrf' => '634fac5d8f4e414ebe3c64534c52e76286114f6746cba1687c22b318bcc718dfa:2:{i:0;s:5:\"_csrf\";i:1;s:32:\"240muJO5uUTYgliICL_7WKGPaScpEdVr\";}'
]

$_SERVER = [
    'HTTP_HOST' => 'play.pe'
    'HTTP_USER_AGENT' => 'Mozilla/5.0 (X11; Ubuntu; Linux x86_64; rv:40.0) Gecko/20100101 Firefox/40.0'
    'HTTP_ACCEPT' => 'text/html,application/xhtml+xml,application/xml;q=0.9,*/*;q=0.8'
    'HTTP_ACCEPT_LANGUAGE' => 'en-US,en;q=0.5'
    'HTTP_ACCEPT_ENCODING' => 'gzip, deflate'
    'HTTP_COOKIE' => '_csrf=634fac5d8f4e414ebe3c64534c52e76286114f6746cba1687c22b318bcc718dfa%3A2%3A%7Bi%3A0%3Bs%3A5%3A%22_csrf%22%3Bi%3A1%3Bs%3A32%3A%22240muJO5uUTYgliICL_7WKGPaScpEdVr%22%3B%7D'
    'HTTP_CONNECTION' => 'keep-alive'
    'HTTP_CACHE_CONTROL' => 'max-age=0'
    'PATH' => '/usr/local/sbin:/usr/local/bin:/usr/sbin:/usr/bin:/sbin:/bin'
    'SERVER_SIGNATURE' => '<address>Apache/2.4.7 (Ubuntu) Server at play.pe Port 80</address>
'
    'SERVER_SOFTWARE' => 'Apache/2.4.7 (Ubuntu)'
    'SERVER_NAME' => 'play.pe'
    'SERVER_ADDR' => '127.0.0.1'
    'SERVER_PORT' => '80'
    'REMOTE_ADDR' => '127.0.0.1'
    'DOCUMENT_ROOT' => '/var/www/play.pe'
    'REQUEST_SCHEME' => 'http'
    'CONTEXT_PREFIX' => ''
    'CONTEXT_DOCUMENT_ROOT' => '/var/www/play.pe'
    'SERVER_ADMIN' => '[no address given]'
    'SCRIPT_FILENAME' => '/var/www/play.pe/basic/index.php'
    'REMOTE_PORT' => '34030'
    'GATEWAY_INTERFACE' => 'CGI/1.1'
    'SERVER_PROTOCOL' => 'HTTP/1.1'
    'REQUEST_METHOD' => 'GET'
    'QUERY_STRING' => ''
    'REQUEST_URI' => '/basic/'
    'SCRIPT_NAME' => '/basic/index.php'
    'PHP_SELF' => '/basic/index.php'
    'REQUEST_TIME_FLOAT' => 1441895142.178
    'REQUEST_TIME' => 1441895142
]
2015-09-10 14:25:43 [127.0.0.1][-][-][error][yii\db\Exception] exception 'PDOException' with message 'SQLSTATE[42S02]: Base table or view not found: 1146 Table 'play.auth_item' doesn't exist' in /var/www/play.pe/basic/_protected/vendor/yiisoft/yii2/db/Command.php:837
Stack trace:
#0 /var/www/play.pe/basic/_protected/vendor/yiisoft/yii2/db/Command.php(837): PDOStatement->execute()
#1 /var/www/play.pe/basic/_protected/vendor/yiisoft/yii2/db/Command.php(373): yii\db\Command->queryInternal('<span class="st...', '<span class="ke...')
#2 /var/www/play.pe/basic/_protected/vendor/yiisoft/yii2/db/Query.php(243): yii\db\Command->queryOne()
#3 /var/www/play.pe/basic/_protected/vendor/yiisoft/yii2/rbac/DbManager.php(229): yii\db\Query->one(Object(yii\db\Connection))
#4 /var/www/play.pe/basic/_protected/vendor/yiisoft/yii2/rbac/DbManager.php(186): yii\rbac\DbManager->getItem('<span class="st...')
#5 /var/www/play.pe/basic/_protected/vendor/yiisoft/yii2/rbac/DbManager.php(126): yii\rbac\DbManager->checkAccessRecursive('<span class="ke...', '<span class="st...', '[]', '[]')
#6 /var/www/play.pe/basic/_protected/vendor/yiisoft/yii2/web/User.php(661): yii\rbac\DbManager->checkAccess('<span class="ke...', '<span class="st...', '[]')
#7 /var/www/play.pe/basic/_protected/views/layouts/main.php(40): yii\web\User->can('<span class="st...')
#8 /var/www/play.pe/basic/_protected/vendor/yiisoft/yii2/base/View.php(325): require('/var/www/play.p...')
#9 /var/www/play.pe/basic/_protected/vendor/yiisoft/yii2/base/View.php(247): yii\base\View->renderPhpFile('<span class="st...', '[<span class="s...')
#10 /var/www/play.pe/basic/_protected/vendor/yiisoft/yii2/base/Controller.php(386): yii\base\View->renderFile('<span class="st...', '[<span class="s...', Object(app\controllers\SiteController))
#11 /var/www/play.pe/basic/_protected/vendor/yiisoft/yii2/base/Controller.php(372): yii\base\Controller->renderContent('<span class="st...')
#12 /var/www/play.pe/basic/_protected/controllers/SiteController.php(89): yii\base\Controller->render('<span class="st...')
#13 [internal function]: app\controllers\SiteController->actionIndex()
#14 /var/www/play.pe/basic/_protected/vendor/yiisoft/yii2/base/InlineAction.php(55): call_user_func_array('[<span class="t...', '[]')
#15 /var/www/play.pe/basic/_protected/vendor/yiisoft/yii2/base/Controller.php(151): yii\base\InlineAction->runWithParams('[]')
#16 /var/www/play.pe/basic/_protected/vendor/yiisoft/yii2/base/Module.php(455): yii\base\Controller->runAction('<span class="st...', '[]')
#17 /var/www/play.pe/basic/_protected/vendor/yiisoft/yii2/web/Application.php(84): yii\base\Module->runAction('<span class="st...', '[]')
#18 /var/www/play.pe/basic/_protected/vendor/yiisoft/yii2/base/Application.php(375): yii\web\Application->handleRequest(Object(yii\web\Request))
#19 /var/www/play.pe/basic/index.php(12): yii\base\Application->run()
#20 {main}

Next exception 'yii\db\Exception' with message 'SQLSTATE[42S02]: Base table or view not found: 1146 Table 'play.auth_item' doesn't exist
The SQL being executed was: SELECT * FROM `auth_item` WHERE `name`='editor'' in /var/www/play.pe/basic/_protected/vendor/yiisoft/yii2/db/Schema.php:628
Stack trace:
#0 /var/www/play.pe/basic/_protected/vendor/yiisoft/yii2/db/Command.php(852): yii\db\Schema->convertException(Object(PDOException), 'SELECT * FROM `...')
#1 /var/www/play.pe/basic/_protected/vendor/yiisoft/yii2/db/Command.php(373): yii\db\Command->queryInternal('<span class="st...', '<span class="ke...')
#2 /var/www/play.pe/basic/_protected/vendor/yiisoft/yii2/db/Query.php(243): yii\db\Command->queryOne()
#3 /var/www/play.pe/basic/_protected/vendor/yiisoft/yii2/rbac/DbManager.php(229): yii\db\Query->one(Object(yii\db\Connection))
#4 /var/www/play.pe/basic/_protected/vendor/yiisoft/yii2/rbac/DbManager.php(186): yii\rbac\DbManager->getItem('<span class="st...')
#5 /var/www/play.pe/basic/_protected/vendor/yiisoft/yii2/rbac/DbManager.php(126): yii\rbac\DbManager->checkAccessRecursive('<span class="ke...', '<span class="st...', '[]', '[]')
#6 /var/www/play.pe/basic/_protected/vendor/yiisoft/yii2/web/User.php(661): yii\rbac\DbManager->checkAccess('<span class="ke...', '<span class="st...', '[]')
#7 /var/www/play.pe/basic/_protected/views/layouts/main.php(40): yii\web\User->can('<span class="st...')
#8 /var/www/play.pe/basic/_protected/vendor/yiisoft/yii2/base/View.php(325): require('/var/www/play.p...')
#9 /var/www/play.pe/basic/_protected/vendor/yiisoft/yii2/base/View.php(247): yii\base\View->renderPhpFile('<span class="st...', '[<span class="s...')
#10 /var/www/play.pe/basic/_protected/vendor/yiisoft/yii2/base/Controller.php(386): yii\base\View->renderFile('<span class="st...', '[<span class="s...', Object(app\controllers\SiteController))
#11 /var/www/play.pe/basic/_protected/vendor/yiisoft/yii2/base/Controller.php(372): yii\base\Controller->renderContent('<span class="st...')
#12 /var/www/play.pe/basic/_protected/controllers/SiteController.php(89): yii\base\Controller->render('<span class="st...')
#13 [internal function]: app\controllers\SiteController->actionIndex()
#14 /var/www/play.pe/basic/_protected/vendor/yiisoft/yii2/base/InlineAction.php(55): call_user_func_array('[<span class="t...', '[]')
#15 /var/www/play.pe/basic/_protected/vendor/yiisoft/yii2/base/Controller.php(151): yii\base\InlineAction->runWithParams('[]')
#16 /var/www/play.pe/basic/_protected/vendor/yiisoft/yii2/base/Module.php(455): yii\base\Controller->runAction('<span class="st...', '[]')
#17 /var/www/play.pe/basic/_protected/vendor/yiisoft/yii2/web/Application.php(84): yii\base\Module->runAction('<span class="st...', '[]')
#18 /var/www/play.pe/basic/_protected/vendor/yiisoft/yii2/base/Application.php(375): yii\web\Application->handleRequest(Object(yii\web\Request))
#19 /var/www/play.pe/basic/index.php(12): yii\base\Application->run()
#20 {main}
Additional Information:
Array
(
    [0] => 42S02
    [1] => 1146
    [2] => Table 'play.auth_item' doesn't exist
)

2015-09-10 14:25:43 [127.0.0.1][-][-][info][application] $_COOKIE = [
    '_csrf' => '634fac5d8f4e414ebe3c64534c52e76286114f6746cba1687c22b318bcc718dfa:2:{i:0;s:5:\"_csrf\";i:1;s:32:\"240muJO5uUTYgliICL_7WKGPaScpEdVr\";}'
]

$_SERVER = [
    'HTTP_HOST' => 'play.pe'
    'HTTP_USER_AGENT' => 'Mozilla/5.0 (X11; Ubuntu; Linux x86_64; rv:40.0) Gecko/20100101 Firefox/40.0'
    'HTTP_ACCEPT' => 'text/html,application/xhtml+xml,application/xml;q=0.9,*/*;q=0.8'
    'HTTP_ACCEPT_LANGUAGE' => 'en-US,en;q=0.5'
    'HTTP_ACCEPT_ENCODING' => 'gzip, deflate'
    'HTTP_COOKIE' => '_csrf=634fac5d8f4e414ebe3c64534c52e76286114f6746cba1687c22b318bcc718dfa%3A2%3A%7Bi%3A0%3Bs%3A5%3A%22_csrf%22%3Bi%3A1%3Bs%3A32%3A%22240muJO5uUTYgliICL_7WKGPaScpEdVr%22%3B%7D'
    'HTTP_CONNECTION' => 'keep-alive'
    'HTTP_CACHE_CONTROL' => 'max-age=0'
    'PATH' => '/usr/local/sbin:/usr/local/bin:/usr/sbin:/usr/bin:/sbin:/bin'
    'SERVER_SIGNATURE' => '<address>Apache/2.4.7 (Ubuntu) Server at play.pe Port 80</address>
'
    'SERVER_SOFTWARE' => 'Apache/2.4.7 (Ubuntu)'
    'SERVER_NAME' => 'play.pe'
    'SERVER_ADDR' => '127.0.0.1'
    'SERVER_PORT' => '80'
    'REMOTE_ADDR' => '127.0.0.1'
    'DOCUMENT_ROOT' => '/var/www/play.pe'
    'REQUEST_SCHEME' => 'http'
    'CONTEXT_PREFIX' => ''
    'CONTEXT_DOCUMENT_ROOT' => '/var/www/play.pe'
    'SERVER_ADMIN' => '[no address given]'
    'SCRIPT_FILENAME' => '/var/www/play.pe/basic/index.php'
    'REMOTE_PORT' => '34031'
    'GATEWAY_INTERFACE' => 'CGI/1.1'
    'SERVER_PROTOCOL' => 'HTTP/1.1'
    'REQUEST_METHOD' => 'GET'
    'QUERY_STRING' => ''
    'REQUEST_URI' => '/basic/'
    'SCRIPT_NAME' => '/basic/index.php'
    'PHP_SELF' => '/basic/index.php'
    'REQUEST_TIME_FLOAT' => 1441895143.621
    'REQUEST_TIME' => 1441895143
]
2015-09-11 09:34:29 [-][-][-][error][yii\console\Exception] exception 'yii\console\Exception' with message 'Missing required arguments: name' in /var/www/play.pe/_protected/vendor/yiisoft/yii2/console/Controller.php:129
Stack trace:
#0 /var/www/play.pe/_protected/vendor/yiisoft/yii2/base/InlineAction.php(49): yii\console\Controller->bindActionParams(Object(yii\base\InlineAction), Array)
#1 /var/www/play.pe/_protected/vendor/yiisoft/yii2/base/Controller.php(151): yii\base\InlineAction->runWithParams(Array)
#2 /var/www/play.pe/_protected/vendor/yiisoft/yii2/console/Controller.php(91): yii\base\Controller->runAction('create', Array)
#3 /var/www/play.pe/_protected/vendor/yiisoft/yii2/base/Module.php(455): yii\console\Controller->runAction('create', Array)
#4 /var/www/play.pe/_protected/vendor/yiisoft/yii2/console/Application.php(167): yii\base\Module->runAction('migrate/create', Array)
#5 /var/www/play.pe/_protected/vendor/yiisoft/yii2/console/Application.php(143): yii\console\Application->runAction('migrate/create', Array)
#6 /var/www/play.pe/_protected/vendor/yiisoft/yii2/base/Application.php(375): yii\console\Application->handleRequest(Object(yii\console\Request))
#7 /var/www/play.pe/_protected/yii(25): yii\base\Application->run()
#8 {main}
2015-09-11 09:34:29 [-][-][-][info][application] $_SERVER = [
    'XDG_VTNR' => '7'
    'LC_PAPER' => 'ru_RU.UTF-8'
    'LC_ADDRESS' => 'ru_RU.UTF-8'
    'XDG_SESSION_ID' => 'c2'
    'XDG_GREETER_DATA_DIR' => '/var/lib/lightdm-data/kate'
    'SELINUX_INIT' => 'YES'
    'LC_MONETARY' => 'ru_RU.UTF-8'
    'CLUTTER_IM_MODULE' => 'xim'
    'GPG_AGENT_INFO' => '/run/user/1000/keyring-uchGa9/gpg:0:1'
    'TERM' => 'xterm'
    'VTE_VERSION' => '3409'
    'SHELL' => '/bin/bash'
    'WINDOWID' => '58720268'
    'LC_NUMERIC' => 'ru_RU.UTF-8'
    'UPSTART_SESSION' => 'unix:abstract=/com/ubuntu/upstart-session/1000/2656'
    'GNOME_KEYRING_CONTROL' => '/run/user/1000/keyring-uchGa9'
    'GTK_MODULES' => 'overlay-scrollbar:unity-gtk-module'
    'USER' => 'kate'
    'LS_COLORS' => 'rs=0:di=01;34:ln=01;36:mh=00:pi=40;33:so=01;35:do=01;35:bd=40;33;01:cd=40;33;01:or=40;31;01:su=37;41:sg=30;43:ca=30;41:tw=30;42:ow=34;42:st=37;44:ex=01;32:*.tar=01;31:*.tgz=01;31:*.arj=01;31:*.taz=01;31:*.lzh=01;31:*.lzma=01;31:*.tlz=01;31:*.txz=01;31:*.zip=01;31:*.z=01;31:*.Z=01;31:*.dz=01;31:*.gz=01;31:*.lz=01;31:*.xz=01;31:*.bz2=01;31:*.bz=01;31:*.tbz=01;31:*.tbz2=01;31:*.tz=01;31:*.deb=01;31:*.rpm=01;31:*.jar=01;31:*.war=01;31:*.ear=01;31:*.sar=01;31:*.rar=01;31:*.ace=01;31:*.zoo=01;31:*.cpio=01;31:*.7z=01;31:*.rz=01;31:*.jpg=01;35:*.jpeg=01;35:*.gif=01;35:*.bmp=01;35:*.pbm=01;35:*.pgm=01;35:*.ppm=01;35:*.tga=01;35:*.xbm=01;35:*.xpm=01;35:*.tif=01;35:*.tiff=01;35:*.png=01;35:*.svg=01;35:*.svgz=01;35:*.mng=01;35:*.pcx=01;35:*.mov=01;35:*.mpg=01;35:*.mpeg=01;35:*.m2v=01;35:*.mkv=01;35:*.webm=01;35:*.ogm=01;35:*.mp4=01;35:*.m4v=01;35:*.mp4v=01;35:*.vob=01;35:*.qt=01;35:*.nuv=01;35:*.wmv=01;35:*.asf=01;35:*.rm=01;35:*.rmvb=01;35:*.flc=01;35:*.avi=01;35:*.fli=01;35:*.flv=01;35:*.gl=01;35:*.dl=01;35:*.xcf=01;35:*.xwd=01;35:*.yuv=01;35:*.cgm=01;35:*.emf=01;35:*.axv=01;35:*.anx=01;35:*.ogv=01;35:*.ogx=01;35:*.aac=00;36:*.au=00;36:*.flac=00;36:*.mid=00;36:*.midi=00;36:*.mka=00;36:*.mp3=00;36:*.mpc=00;36:*.ogg=00;36:*.ra=00;36:*.wav=00;36:*.axa=00;36:*.oga=00;36:*.spx=00;36:*.xspf=00;36:'
    'LC_TELEPHONE' => 'ru_RU.UTF-8'
    'XDG_SESSION_PATH' => '/org/freedesktop/DisplayManager/Session0'
    'XDG_SEAT_PATH' => '/org/freedesktop/DisplayManager/Seat0'
    'SSH_AUTH_SOCK' => '/run/user/1000/keyring-uchGa9/ssh'
    'DEFAULTS_PATH' => '/usr/share/gconf/ubuntu.default.path'
    'XDG_CONFIG_DIRS' => '/etc/xdg/xdg-ubuntu:/usr/share/upstart/xdg:/etc/xdg'
    'DESKTOP_SESSION' => 'ubuntu'
    'PATH' => '/usr/local/sbin:/usr/local/bin:/usr/sbin:/usr/bin:/sbin:/bin:/usr/games:/usr/local/games'
    'QT_IM_MODULE' => 'ibus'
    'QT_QPA_PLATFORMTHEME' => 'appmenu-qt5'
    'LC_IDENTIFICATION' => 'ru_RU.UTF-8'
    'PWD' => '/var/www/play.pe/_protected'
    'JOB' => 'gnome-session'
    'XMODIFIERS' => '@im=ibus'
    'GNOME_KEYRING_PID' => '2654'
    'LANG' => 'en_US.UTF-8'
    'GDM_LANG' => 'en_US'
    'MANDATORY_PATH' => '/usr/share/gconf/ubuntu.mandatory.path'
    'LC_MEASUREMENT' => 'ru_RU.UTF-8'
    'COMPIZ_CONFIG_PROFILE' => 'ubuntu'
    'IM_CONFIG_PHASE' => '1'
    'GDMSESSION' => 'ubuntu'
    'SESSIONTYPE' => 'gnome-session'
    'SHLVL' => '1'
    'HOME' => '/home/kate'
    'XDG_SEAT' => 'seat0'
    'LANGUAGE' => 'en_US'
    'GNOME_DESKTOP_SESSION_ID' => 'this-is-deprecated'
    'UPSTART_INSTANCE' => ''
    'UPSTART_EVENTS' => 'started starting'
    'LOGNAME' => 'kate'
    'DBUS_SESSION_BUS_ADDRESS' => 'unix:abstract=/tmp/dbus-7Fm9IHGvDq'
    'XDG_DATA_DIRS' => '/usr/share/ubuntu:/usr/share/gnome:/usr/local/share/:/usr/share/'
    'QT4_IM_MODULE' => 'xim'
    'LESSOPEN' => '| /usr/bin/lesspipe %s'
    'INSTANCE' => 'Unity'
    'TEXTDOMAIN' => 'im-config'
    'UPSTART_JOB' => 'unity-settings-daemon'
    'XDG_RUNTIME_DIR' => '/run/user/1000'
    'DISPLAY' => ':0'
    'XDG_CURRENT_DESKTOP' => 'Unity'
    'GTK_IM_MODULE' => 'ibus'
    'LESSCLOSE' => '/usr/bin/lesspipe %s %s'
    'LC_TIME' => 'ru_RU.UTF-8'
    'TEXTDOMAINDIR' => '/usr/share/locale/'
    'LC_NAME' => 'ru_RU.UTF-8'
    'XAUTHORITY' => '/home/kate/.Xauthority'
    'COLORTERM' => 'gnome-terminal'
    'OLDPWD' => '/var/www/play.pe'
    '_' => '/usr/bin/php'
    'PHP_SELF' => 'yii'
    'SCRIPT_NAME' => 'yii'
    'SCRIPT_FILENAME' => 'yii'
    'PATH_TRANSLATED' => 'yii'
    'DOCUMENT_ROOT' => ''
    'REQUEST_TIME_FLOAT' => 1441964069.5266
    'REQUEST_TIME' => 1441964069
    'argv' => [
        0 => 'yii'
        1 => 'migrate/create'
    ]
    'argc' => 2
]
2015-09-11 09:56:37 [-][-][-][error][yii\base\ErrorException:1] exception 'yii\base\ErrorException' with message 'Undefined class constant 'TYPE_TINYINT'' in /var/www/play.pe/_protected/console/migrations/m150911_093700_0.php:21
Stack trace:
#0 [internal function]: yii\base\ErrorHandler->handleFatalError()
#1 {main}
2015-09-11 09:56:36 [-][-][-][info][application] $_SERVER = [
    'XDG_VTNR' => '7'
    'LC_PAPER' => 'ru_RU.UTF-8'
    'LC_ADDRESS' => 'ru_RU.UTF-8'
    'XDG_SESSION_ID' => 'c2'
    'XDG_GREETER_DATA_DIR' => '/var/lib/lightdm-data/kate'
    'SELINUX_INIT' => 'YES'
    'LC_MONETARY' => 'ru_RU.UTF-8'
    'CLUTTER_IM_MODULE' => 'xim'
    'GPG_AGENT_INFO' => '/run/user/1000/keyring-uchGa9/gpg:0:1'
    'TERM' => 'xterm'
    'VTE_VERSION' => '3409'
    'SHELL' => '/bin/bash'
    'WINDOWID' => '58720268'
    'LC_NUMERIC' => 'ru_RU.UTF-8'
    'UPSTART_SESSION' => 'unix:abstract=/com/ubuntu/upstart-session/1000/2656'
    'GNOME_KEYRING_CONTROL' => '/run/user/1000/keyring-uchGa9'
    'GTK_MODULES' => 'overlay-scrollbar:unity-gtk-module'
    'USER' => 'kate'
    'LS_COLORS' => 'rs=0:di=01;34:ln=01;36:mh=00:pi=40;33:so=01;35:do=01;35:bd=40;33;01:cd=40;33;01:or=40;31;01:su=37;41:sg=30;43:ca=30;41:tw=30;42:ow=34;42:st=37;44:ex=01;32:*.tar=01;31:*.tgz=01;31:*.arj=01;31:*.taz=01;31:*.lzh=01;31:*.lzma=01;31:*.tlz=01;31:*.txz=01;31:*.zip=01;31:*.z=01;31:*.Z=01;31:*.dz=01;31:*.gz=01;31:*.lz=01;31:*.xz=01;31:*.bz2=01;31:*.bz=01;31:*.tbz=01;31:*.tbz2=01;31:*.tz=01;31:*.deb=01;31:*.rpm=01;31:*.jar=01;31:*.war=01;31:*.ear=01;31:*.sar=01;31:*.rar=01;31:*.ace=01;31:*.zoo=01;31:*.cpio=01;31:*.7z=01;31:*.rz=01;31:*.jpg=01;35:*.jpeg=01;35:*.gif=01;35:*.bmp=01;35:*.pbm=01;35:*.pgm=01;35:*.ppm=01;35:*.tga=01;35:*.xbm=01;35:*.xpm=01;35:*.tif=01;35:*.tiff=01;35:*.png=01;35:*.svg=01;35:*.svgz=01;35:*.mng=01;35:*.pcx=01;35:*.mov=01;35:*.mpg=01;35:*.mpeg=01;35:*.m2v=01;35:*.mkv=01;35:*.webm=01;35:*.ogm=01;35:*.mp4=01;35:*.m4v=01;35:*.mp4v=01;35:*.vob=01;35:*.qt=01;35:*.nuv=01;35:*.wmv=01;35:*.asf=01;35:*.rm=01;35:*.rmvb=01;35:*.flc=01;35:*.avi=01;35:*.fli=01;35:*.flv=01;35:*.gl=01;35:*.dl=01;35:*.xcf=01;35:*.xwd=01;35:*.yuv=01;35:*.cgm=01;35:*.emf=01;35:*.axv=01;35:*.anx=01;35:*.ogv=01;35:*.ogx=01;35:*.aac=00;36:*.au=00;36:*.flac=00;36:*.mid=00;36:*.midi=00;36:*.mka=00;36:*.mp3=00;36:*.mpc=00;36:*.ogg=00;36:*.ra=00;36:*.wav=00;36:*.axa=00;36:*.oga=00;36:*.spx=00;36:*.xspf=00;36:'
    'LC_TELEPHONE' => 'ru_RU.UTF-8'
    'XDG_SESSION_PATH' => '/org/freedesktop/DisplayManager/Session0'
    'XDG_SEAT_PATH' => '/org/freedesktop/DisplayManager/Seat0'
    'SSH_AUTH_SOCK' => '/run/user/1000/keyring-uchGa9/ssh'
    'DEFAULTS_PATH' => '/usr/share/gconf/ubuntu.default.path'
    'XDG_CONFIG_DIRS' => '/etc/xdg/xdg-ubuntu:/usr/share/upstart/xdg:/etc/xdg'
    'DESKTOP_SESSION' => 'ubuntu'
    'PATH' => '/usr/local/sbin:/usr/local/bin:/usr/sbin:/usr/bin:/sbin:/bin:/usr/games:/usr/local/games'
    'QT_IM_MODULE' => 'ibus'
    'QT_QPA_PLATFORMTHEME' => 'appmenu-qt5'
    'LC_IDENTIFICATION' => 'ru_RU.UTF-8'
    'PWD' => '/var/www/play.pe/_protected'
    'JOB' => 'gnome-session'
    'XMODIFIERS' => '@im=ibus'
    'GNOME_KEYRING_PID' => '2654'
    'LANG' => 'en_US.UTF-8'
    'GDM_LANG' => 'en_US'
    'MANDATORY_PATH' => '/usr/share/gconf/ubuntu.mandatory.path'
    'LC_MEASUREMENT' => 'ru_RU.UTF-8'
    'COMPIZ_CONFIG_PROFILE' => 'ubuntu'
    'IM_CONFIG_PHASE' => '1'
    'GDMSESSION' => 'ubuntu'
    'SESSIONTYPE' => 'gnome-session'
    'SHLVL' => '1'
    'HOME' => '/home/kate'
    'XDG_SEAT' => 'seat0'
    'LANGUAGE' => 'en_US'
    'GNOME_DESKTOP_SESSION_ID' => 'this-is-deprecated'
    'UPSTART_INSTANCE' => ''
    'UPSTART_EVENTS' => 'started starting'
    'LOGNAME' => 'kate'
    'DBUS_SESSION_BUS_ADDRESS' => 'unix:abstract=/tmp/dbus-7Fm9IHGvDq'
    'XDG_DATA_DIRS' => '/usr/share/ubuntu:/usr/share/gnome:/usr/local/share/:/usr/share/'
    'QT4_IM_MODULE' => 'xim'
    'LESSOPEN' => '| /usr/bin/lesspipe %s'
    'INSTANCE' => 'Unity'
    'TEXTDOMAIN' => 'im-config'
    'UPSTART_JOB' => 'unity-settings-daemon'
    'XDG_RUNTIME_DIR' => '/run/user/1000'
    'DISPLAY' => ':0'
    'XDG_CURRENT_DESKTOP' => 'Unity'
    'GTK_IM_MODULE' => 'ibus'
    'LESSCLOSE' => '/usr/bin/lesspipe %s %s'
    'LC_TIME' => 'ru_RU.UTF-8'
    'TEXTDOMAINDIR' => '/usr/share/locale/'
    'LC_NAME' => 'ru_RU.UTF-8'
    'XAUTHORITY' => '/home/kate/.Xauthority'
    'COLORTERM' => 'gnome-terminal'
    'OLDPWD' => '/var/www/play.pe'
    '_' => '/usr/bin/php'
    'PHP_SELF' => 'yii'
    'SCRIPT_NAME' => 'yii'
    'SCRIPT_FILENAME' => 'yii'
    'PATH_TRANSLATED' => 'yii'
    'DOCUMENT_ROOT' => ''
    'REQUEST_TIME_FLOAT' => 1441965396.7327
    'REQUEST_TIME' => 1441965396
    'argv' => [
        0 => 'yii'
        1 => 'migrate'
    ]
    'argc' => 2
]
2015-09-11 10:18:56 [-][-][-][error][yii\db\Exception] exception 'PDOException' with message 'SQLSTATE[42S02]: Base table or view not found: 1051 Unknown table 'application'' in /var/www/play.pe/_protected/vendor/yiisoft/yii2/db/Command.php:781
Stack trace:
#0 /var/www/play.pe/_protected/vendor/yiisoft/yii2/db/Command.php(781): PDOStatement->execute()
#1 /var/www/play.pe/_protected/vendor/yiisoft/yii2/db/Migration.php(285): yii\db\Command->execute()
#2 /var/www/play.pe/_protected/console/migrations/m150911_093700_0.php(27): yii\db\Migration->dropTable('{{%application}...')
#3 /var/www/play.pe/_protected/vendor/yiisoft/yii2/console/controllers/BaseMigrateController.php(520): m150911_093700_0->down()
#4 /var/www/play.pe/_protected/vendor/yiisoft/yii2/console/controllers/BaseMigrateController.php(185): yii\console\controllers\BaseMigrateController->migrateDown('m150911_093700_...')
#5 [internal function]: yii\console\controllers\BaseMigrateController->actionDown(1)
#6 /var/www/play.pe/_protected/vendor/yiisoft/yii2/base/InlineAction.php(55): call_user_func_array(Array, Array)
#7 /var/www/play.pe/_protected/vendor/yiisoft/yii2/base/Controller.php(151): yii\base\InlineAction->runWithParams(Array)
#8 /var/www/play.pe/_protected/vendor/yiisoft/yii2/console/Controller.php(91): yii\base\Controller->runAction('down', Array)
#9 /var/www/play.pe/_protected/vendor/yiisoft/yii2/base/Module.php(455): yii\console\Controller->runAction('down', Array)
#10 /var/www/play.pe/_protected/vendor/yiisoft/yii2/console/Application.php(167): yii\base\Module->runAction('migrate/down', Array)
#11 /var/www/play.pe/_protected/vendor/yiisoft/yii2/console/Application.php(143): yii\console\Application->runAction('migrate/down', Array)
#12 /var/www/play.pe/_protected/vendor/yiisoft/yii2/base/Application.php(375): yii\console\Application->handleRequest(Object(yii\console\Request))
#13 /var/www/play.pe/_protected/yii(25): yii\base\Application->run()
#14 {main}

Next exception 'yii\db\Exception' with message 'SQLSTATE[42S02]: Base table or view not found: 1051 Unknown table 'application'
The SQL being executed was: DROP TABLE `application`' in /var/www/play.pe/_protected/vendor/yiisoft/yii2/db/Schema.php:628
Stack trace:
#0 /var/www/play.pe/_protected/vendor/yiisoft/yii2/db/Command.php(791): yii\db\Schema->convertException(Object(PDOException), 'DROP TABLE `app...')
#1 /var/www/play.pe/_protected/vendor/yiisoft/yii2/db/Migration.php(285): yii\db\Command->execute()
#2 /var/www/play.pe/_protected/console/migrations/m150911_093700_0.php(27): yii\db\Migration->dropTable('{{%application}...')
#3 /var/www/play.pe/_protected/vendor/yiisoft/yii2/console/controllers/BaseMigrateController.php(520): m150911_093700_0->down()
#4 /var/www/play.pe/_protected/vendor/yiisoft/yii2/console/controllers/BaseMigrateController.php(185): yii\console\controllers\BaseMigrateController->migrateDown('m150911_093700_...')
#5 [internal function]: yii\console\controllers\BaseMigrateController->actionDown(1)
#6 /var/www/play.pe/_protected/vendor/yiisoft/yii2/base/InlineAction.php(55): call_user_func_array(Array, Array)
#7 /var/www/play.pe/_protected/vendor/yiisoft/yii2/base/Controller.php(151): yii\base\InlineAction->runWithParams(Array)
#8 /var/www/play.pe/_protected/vendor/yiisoft/yii2/console/Controller.php(91): yii\base\Controller->runAction('down', Array)
#9 /var/www/play.pe/_protected/vendor/yiisoft/yii2/base/Module.php(455): yii\console\Controller->runAction('down', Array)
#10 /var/www/play.pe/_protected/vendor/yiisoft/yii2/console/Application.php(167): yii\base\Module->runAction('migrate/down', Array)
#11 /var/www/play.pe/_protected/vendor/yiisoft/yii2/console/Application.php(143): yii\console\Application->runAction('migrate/down', Array)
#12 /var/www/play.pe/_protected/vendor/yiisoft/yii2/base/Application.php(375): yii\console\Application->handleRequest(Object(yii\console\Request))
#13 /var/www/play.pe/_protected/yii(25): yii\base\Application->run()
#14 {main}
Additional Information:
Array
(
    [0] => 42S02
    [1] => 1051
    [2] => Unknown table 'application'
)

2015-09-11 10:18:53 [-][-][-][info][application] $_SERVER = [
    'XDG_VTNR' => '7'
    'LC_PAPER' => 'ru_RU.UTF-8'
    'LC_ADDRESS' => 'ru_RU.UTF-8'
    'XDG_SESSION_ID' => 'c2'
    'XDG_GREETER_DATA_DIR' => '/var/lib/lightdm-data/kate'
    'SELINUX_INIT' => 'YES'
    'LC_MONETARY' => 'ru_RU.UTF-8'
    'CLUTTER_IM_MODULE' => 'xim'
    'GPG_AGENT_INFO' => '/run/user/1000/keyring-uchGa9/gpg:0:1'
    'TERM' => 'xterm'
    'VTE_VERSION' => '3409'
    'SHELL' => '/bin/bash'
    'WINDOWID' => '58720268'
    'LC_NUMERIC' => 'ru_RU.UTF-8'
    'UPSTART_SESSION' => 'unix:abstract=/com/ubuntu/upstart-session/1000/2656'
    'GNOME_KEYRING_CONTROL' => '/run/user/1000/keyring-uchGa9'
    'GTK_MODULES' => 'overlay-scrollbar:unity-gtk-module'
    'USER' => 'kate'
    'LS_COLORS' => 'rs=0:di=01;34:ln=01;36:mh=00:pi=40;33:so=01;35:do=01;35:bd=40;33;01:cd=40;33;01:or=40;31;01:su=37;41:sg=30;43:ca=30;41:tw=30;42:ow=34;42:st=37;44:ex=01;32:*.tar=01;31:*.tgz=01;31:*.arj=01;31:*.taz=01;31:*.lzh=01;31:*.lzma=01;31:*.tlz=01;31:*.txz=01;31:*.zip=01;31:*.z=01;31:*.Z=01;31:*.dz=01;31:*.gz=01;31:*.lz=01;31:*.xz=01;31:*.bz2=01;31:*.bz=01;31:*.tbz=01;31:*.tbz2=01;31:*.tz=01;31:*.deb=01;31:*.rpm=01;31:*.jar=01;31:*.war=01;31:*.ear=01;31:*.sar=01;31:*.rar=01;31:*.ace=01;31:*.zoo=01;31:*.cpio=01;31:*.7z=01;31:*.rz=01;31:*.jpg=01;35:*.jpeg=01;35:*.gif=01;35:*.bmp=01;35:*.pbm=01;35:*.pgm=01;35:*.ppm=01;35:*.tga=01;35:*.xbm=01;35:*.xpm=01;35:*.tif=01;35:*.tiff=01;35:*.png=01;35:*.svg=01;35:*.svgz=01;35:*.mng=01;35:*.pcx=01;35:*.mov=01;35:*.mpg=01;35:*.mpeg=01;35:*.m2v=01;35:*.mkv=01;35:*.webm=01;35:*.ogm=01;35:*.mp4=01;35:*.m4v=01;35:*.mp4v=01;35:*.vob=01;35:*.qt=01;35:*.nuv=01;35:*.wmv=01;35:*.asf=01;35:*.rm=01;35:*.rmvb=01;35:*.flc=01;35:*.avi=01;35:*.fli=01;35:*.flv=01;35:*.gl=01;35:*.dl=01;35:*.xcf=01;35:*.xwd=01;35:*.yuv=01;35:*.cgm=01;35:*.emf=01;35:*.axv=01;35:*.anx=01;35:*.ogv=01;35:*.ogx=01;35:*.aac=00;36:*.au=00;36:*.flac=00;36:*.mid=00;36:*.midi=00;36:*.mka=00;36:*.mp3=00;36:*.mpc=00;36:*.ogg=00;36:*.ra=00;36:*.wav=00;36:*.axa=00;36:*.oga=00;36:*.spx=00;36:*.xspf=00;36:'
    'LC_TELEPHONE' => 'ru_RU.UTF-8'
    'XDG_SESSION_PATH' => '/org/freedesktop/DisplayManager/Session0'
    'XDG_SEAT_PATH' => '/org/freedesktop/DisplayManager/Seat0'
    'SSH_AUTH_SOCK' => '/run/user/1000/keyring-uchGa9/ssh'
    'DEFAULTS_PATH' => '/usr/share/gconf/ubuntu.default.path'
    'XDG_CONFIG_DIRS' => '/etc/xdg/xdg-ubuntu:/usr/share/upstart/xdg:/etc/xdg'
    'DESKTOP_SESSION' => 'ubuntu'
    'PATH' => '/usr/local/sbin:/usr/local/bin:/usr/sbin:/usr/bin:/sbin:/bin:/usr/games:/usr/local/games'
    'QT_IM_MODULE' => 'ibus'
    'QT_QPA_PLATFORMTHEME' => 'appmenu-qt5'
    'LC_IDENTIFICATION' => 'ru_RU.UTF-8'
    'PWD' => '/var/www/play.pe/_protected'
    'JOB' => 'gnome-session'
    'XMODIFIERS' => '@im=ibus'
    'GNOME_KEYRING_PID' => '2654'
    'LANG' => 'en_US.UTF-8'
    'GDM_LANG' => 'en_US'
    'MANDATORY_PATH' => '/usr/share/gconf/ubuntu.mandatory.path'
    'LC_MEASUREMENT' => 'ru_RU.UTF-8'
    'COMPIZ_CONFIG_PROFILE' => 'ubuntu'
    'IM_CONFIG_PHASE' => '1'
    'GDMSESSION' => 'ubuntu'
    'SESSIONTYPE' => 'gnome-session'
    'SHLVL' => '1'
    'HOME' => '/home/kate'
    'XDG_SEAT' => 'seat0'
    'LANGUAGE' => 'en_US'
    'GNOME_DESKTOP_SESSION_ID' => 'this-is-deprecated'
    'UPSTART_INSTANCE' => ''
    'UPSTART_EVENTS' => 'started starting'
    'LOGNAME' => 'kate'
    'DBUS_SESSION_BUS_ADDRESS' => 'unix:abstract=/tmp/dbus-7Fm9IHGvDq'
    'XDG_DATA_DIRS' => '/usr/share/ubuntu:/usr/share/gnome:/usr/local/share/:/usr/share/'
    'QT4_IM_MODULE' => 'xim'
    'LESSOPEN' => '| /usr/bin/lesspipe %s'
    'INSTANCE' => 'Unity'
    'TEXTDOMAIN' => 'im-config'
    'UPSTART_JOB' => 'unity-settings-daemon'
    'XDG_RUNTIME_DIR' => '/run/user/1000'
    'DISPLAY' => ':0'
    'XDG_CURRENT_DESKTOP' => 'Unity'
    'GTK_IM_MODULE' => 'ibus'
    'LESSCLOSE' => '/usr/bin/lesspipe %s %s'
    'LC_TIME' => 'ru_RU.UTF-8'
    'TEXTDOMAINDIR' => '/usr/share/locale/'
    'LC_NAME' => 'ru_RU.UTF-8'
    'XAUTHORITY' => '/home/kate/.Xauthority'
    'COLORTERM' => 'gnome-terminal'
    'OLDPWD' => '/var/www/play.pe'
    '_' => '/usr/bin/php'
    'PHP_SELF' => 'yii'
    'SCRIPT_NAME' => 'yii'
    'SCRIPT_FILENAME' => 'yii'
    'PATH_TRANSLATED' => 'yii'
    'DOCUMENT_ROOT' => ''
    'REQUEST_TIME_FLOAT' => 1441966733.3389
    'REQUEST_TIME' => 1441966733
    'argv' => [
        0 => 'yii'
        1 => 'migrate/down'
    ]
    'argc' => 2
]
2015-09-11 12:58:50 [-][-][-][error][yii\db\Exception] exception 'PDOException' with message 'SQLSTATE[42000]: Syntax error or access violation: 1701 Cannot truncate a table referenced in a foreign key constraint (`play`.`application_to_group`, CONSTRAINT `fk_group_id` FOREIGN KEY (`group_id`) REFERENCES `play`.`group` (`id`))' in /var/www/play.pe/_protected/vendor/yiisoft/yii2/db/Command.php:781
Stack trace:
#0 /var/www/play.pe/_protected/vendor/yiisoft/yii2/db/Command.php(781): PDOStatement->execute()
#1 /var/www/play.pe/_protected/vendor/yiisoft/yii2/db/Migration.php(297): yii\db\Command->execute()
#2 /var/www/play.pe/_protected/console/migrations/m150911_122544_2.php(21): yii\db\Migration->truncateTable('{{%group}}')
#3 /var/www/play.pe/_protected/vendor/yiisoft/yii2/console/controllers/BaseMigrateController.php(520): m150911_122544_2->down()
#4 /var/www/play.pe/_protected/vendor/yiisoft/yii2/console/controllers/BaseMigrateController.php(185): yii\console\controllers\BaseMigrateController->migrateDown('m150911_122544_...')
#5 [internal function]: yii\console\controllers\BaseMigrateController->actionDown(1)
#6 /var/www/play.pe/_protected/vendor/yiisoft/yii2/base/InlineAction.php(55): call_user_func_array(Array, Array)
#7 /var/www/play.pe/_protected/vendor/yiisoft/yii2/base/Controller.php(151): yii\base\InlineAction->runWithParams(Array)
#8 /var/www/play.pe/_protected/vendor/yiisoft/yii2/console/Controller.php(91): yii\base\Controller->runAction('down', Array)
#9 /var/www/play.pe/_protected/vendor/yiisoft/yii2/base/Module.php(455): yii\console\Controller->runAction('down', Array)
#10 /var/www/play.pe/_protected/vendor/yiisoft/yii2/console/Application.php(167): yii\base\Module->runAction('migrate/down', Array)
#11 /var/www/play.pe/_protected/vendor/yiisoft/yii2/console/Application.php(143): yii\console\Application->runAction('migrate/down', Array)
#12 /var/www/play.pe/_protected/vendor/yiisoft/yii2/base/Application.php(375): yii\console\Application->handleRequest(Object(yii\console\Request))
#13 /var/www/play.pe/_protected/yii(25): yii\base\Application->run()
#14 {main}

Next exception 'yii\db\Exception' with message 'SQLSTATE[42000]: Syntax error or access violation: 1701 Cannot truncate a table referenced in a foreign key constraint (`play`.`application_to_group`, CONSTRAINT `fk_group_id` FOREIGN KEY (`group_id`) REFERENCES `play`.`group` (`id`))
The SQL being executed was: TRUNCATE TABLE `group`' in /var/www/play.pe/_protected/vendor/yiisoft/yii2/db/Schema.php:628
Stack trace:
#0 /var/www/play.pe/_protected/vendor/yiisoft/yii2/db/Command.php(791): yii\db\Schema->convertException(Object(PDOException), 'TRUNCATE TABLE ...')
#1 /var/www/play.pe/_protected/vendor/yiisoft/yii2/db/Migration.php(297): yii\db\Command->execute()
#2 /var/www/play.pe/_protected/console/migrations/m150911_122544_2.php(21): yii\db\Migration->truncateTable('{{%group}}')
#3 /var/www/play.pe/_protected/vendor/yiisoft/yii2/console/controllers/BaseMigrateController.php(520): m150911_122544_2->down()
#4 /var/www/play.pe/_protected/vendor/yiisoft/yii2/console/controllers/BaseMigrateController.php(185): yii\console\controllers\BaseMigrateController->migrateDown('m150911_122544_...')
#5 [internal function]: yii\console\controllers\BaseMigrateController->actionDown(1)
#6 /var/www/play.pe/_protected/vendor/yiisoft/yii2/base/InlineAction.php(55): call_user_func_array(Array, Array)
#7 /var/www/play.pe/_protected/vendor/yiisoft/yii2/base/Controller.php(151): yii\base\InlineAction->runWithParams(Array)
#8 /var/www/play.pe/_protected/vendor/yiisoft/yii2/console/Controller.php(91): yii\base\Controller->runAction('down', Array)
#9 /var/www/play.pe/_protected/vendor/yiisoft/yii2/base/Module.php(455): yii\console\Controller->runAction('down', Array)
#10 /var/www/play.pe/_protected/vendor/yiisoft/yii2/console/Application.php(167): yii\base\Module->runAction('migrate/down', Array)
#11 /var/www/play.pe/_protected/vendor/yiisoft/yii2/console/Application.php(143): yii\console\Application->runAction('migrate/down', Array)
#12 /var/www/play.pe/_protected/vendor/yiisoft/yii2/base/Application.php(375): yii\console\Application->handleRequest(Object(yii\console\Request))
#13 /var/www/play.pe/_protected/yii(25): yii\base\Application->run()
#14 {main}
Additional Information:
Array
(
    [0] => 42000
    [1] => 1701
    [2] => Cannot truncate a table referenced in a foreign key constraint (`play`.`application_to_group`, CONSTRAINT `fk_group_id` FOREIGN KEY (`group_id`) REFERENCES `play`.`group` (`id`))
)

2015-09-11 12:58:48 [-][-][-][info][application] $_SERVER = [
    'XDG_VTNR' => '7'
    'LC_PAPER' => 'ru_RU.UTF-8'
    'LC_ADDRESS' => 'ru_RU.UTF-8'
    'XDG_SESSION_ID' => 'c2'
    'XDG_GREETER_DATA_DIR' => '/var/lib/lightdm-data/kate'
    'SELINUX_INIT' => 'YES'
    'LC_MONETARY' => 'ru_RU.UTF-8'
    'CLUTTER_IM_MODULE' => 'xim'
    'GPG_AGENT_INFO' => '/run/user/1000/keyring-Zqwz4r/gpg:0:1'
    'TERM' => 'xterm'
    'VTE_VERSION' => '3409'
    'SHELL' => '/bin/bash'
    'WINDOWID' => '81788940'
    'LC_NUMERIC' => 'ru_RU.UTF-8'
    'UPSTART_SESSION' => 'unix:abstract=/com/ubuntu/upstart-session/1000/2715'
    'GNOME_KEYRING_CONTROL' => '/run/user/1000/keyring-Zqwz4r'
    'GTK_MODULES' => 'overlay-scrollbar:unity-gtk-module'
    'USER' => 'kate'
    'LS_COLORS' => 'rs=0:di=01;34:ln=01;36:mh=00:pi=40;33:so=01;35:do=01;35:bd=40;33;01:cd=40;33;01:or=40;31;01:su=37;41:sg=30;43:ca=30;41:tw=30;42:ow=34;42:st=37;44:ex=01;32:*.tar=01;31:*.tgz=01;31:*.arj=01;31:*.taz=01;31:*.lzh=01;31:*.lzma=01;31:*.tlz=01;31:*.txz=01;31:*.zip=01;31:*.z=01;31:*.Z=01;31:*.dz=01;31:*.gz=01;31:*.lz=01;31:*.xz=01;31:*.bz2=01;31:*.bz=01;31:*.tbz=01;31:*.tbz2=01;31:*.tz=01;31:*.deb=01;31:*.rpm=01;31:*.jar=01;31:*.war=01;31:*.ear=01;31:*.sar=01;31:*.rar=01;31:*.ace=01;31:*.zoo=01;31:*.cpio=01;31:*.7z=01;31:*.rz=01;31:*.jpg=01;35:*.jpeg=01;35:*.gif=01;35:*.bmp=01;35:*.pbm=01;35:*.pgm=01;35:*.ppm=01;35:*.tga=01;35:*.xbm=01;35:*.xpm=01;35:*.tif=01;35:*.tiff=01;35:*.png=01;35:*.svg=01;35:*.svgz=01;35:*.mng=01;35:*.pcx=01;35:*.mov=01;35:*.mpg=01;35:*.mpeg=01;35:*.m2v=01;35:*.mkv=01;35:*.webm=01;35:*.ogm=01;35:*.mp4=01;35:*.m4v=01;35:*.mp4v=01;35:*.vob=01;35:*.qt=01;35:*.nuv=01;35:*.wmv=01;35:*.asf=01;35:*.rm=01;35:*.rmvb=01;35:*.flc=01;35:*.avi=01;35:*.fli=01;35:*.flv=01;35:*.gl=01;35:*.dl=01;35:*.xcf=01;35:*.xwd=01;35:*.yuv=01;35:*.cgm=01;35:*.emf=01;35:*.axv=01;35:*.anx=01;35:*.ogv=01;35:*.ogx=01;35:*.aac=00;36:*.au=00;36:*.flac=00;36:*.mid=00;36:*.midi=00;36:*.mka=00;36:*.mp3=00;36:*.mpc=00;36:*.ogg=00;36:*.ra=00;36:*.wav=00;36:*.axa=00;36:*.oga=00;36:*.spx=00;36:*.xspf=00;36:'
    'LC_TELEPHONE' => 'ru_RU.UTF-8'
    'XDG_SESSION_PATH' => '/org/freedesktop/DisplayManager/Session0'
    'XDG_SEAT_PATH' => '/org/freedesktop/DisplayManager/Seat0'
    'SSH_AUTH_SOCK' => '/run/user/1000/keyring-Zqwz4r/ssh'
    'DEFAULTS_PATH' => '/usr/share/gconf/ubuntu.default.path'
    'XDG_CONFIG_DIRS' => '/etc/xdg/xdg-ubuntu:/usr/share/upstart/xdg:/etc/xdg'
    'DESKTOP_SESSION' => 'ubuntu'
    'PATH' => '/usr/local/sbin:/usr/local/bin:/usr/sbin:/usr/bin:/sbin:/bin:/usr/games:/usr/local/games'
    'QT_IM_MODULE' => 'ibus'
    'QT_QPA_PLATFORMTHEME' => 'appmenu-qt5'
    'LC_IDENTIFICATION' => 'ru_RU.UTF-8'
    'PWD' => '/var/www/play.pe/_protected'
    'JOB' => 'gnome-session'
    'XMODIFIERS' => '@im=ibus'
    'GNOME_KEYRING_PID' => '2713'
    'LANG' => 'en_US.UTF-8'
    'GDM_LANG' => 'en_US'
    'MANDATORY_PATH' => '/usr/share/gconf/ubuntu.mandatory.path'
    'LC_MEASUREMENT' => 'ru_RU.UTF-8'
    'COMPIZ_CONFIG_PROFILE' => 'ubuntu'
    'IM_CONFIG_PHASE' => '1'
    'GDMSESSION' => 'ubuntu'
    'SESSIONTYPE' => 'gnome-session'
    'SHLVL' => '1'
    'HOME' => '/home/kate'
    'XDG_SEAT' => 'seat0'
    'LANGUAGE' => 'en_US'
    'GNOME_DESKTOP_SESSION_ID' => 'this-is-deprecated'
    'UPSTART_INSTANCE' => ''
    'UPSTART_EVENTS' => 'started starting'
    'LOGNAME' => 'kate'
    'DBUS_SESSION_BUS_ADDRESS' => 'unix:abstract=/tmp/dbus-wMiSOa0gVJ'
    'XDG_DATA_DIRS' => '/usr/share/ubuntu:/usr/share/gnome:/usr/local/share/:/usr/share/'
    'QT4_IM_MODULE' => 'xim'
    'LESSOPEN' => '| /usr/bin/lesspipe %s'
    'INSTANCE' => 'Unity'
    'TEXTDOMAIN' => 'im-config'
    'UPSTART_JOB' => 'unity-settings-daemon'
    'XDG_RUNTIME_DIR' => '/run/user/1000'
    'DISPLAY' => ':0'
    'XDG_CURRENT_DESKTOP' => 'Unity'
    'GTK_IM_MODULE' => 'ibus'
    'LESSCLOSE' => '/usr/bin/lesspipe %s %s'
    'LC_TIME' => 'ru_RU.UTF-8'
    'TEXTDOMAINDIR' => '/usr/share/locale/'
    'LC_NAME' => 'ru_RU.UTF-8'
    'XAUTHORITY' => '/home/kate/.Xauthority'
    'COLORTERM' => 'gnome-terminal'
    'OLDPWD' => '/var/www/play.pe'
    '_' => '/usr/bin/php'
    'PHP_SELF' => 'yii'
    'SCRIPT_NAME' => 'yii'
    'SCRIPT_FILENAME' => 'yii'
    'PATH_TRANSLATED' => 'yii'
    'DOCUMENT_ROOT' => ''
    'REQUEST_TIME_FLOAT' => 1441976328.989
    'REQUEST_TIME' => 1441976328
    'argv' => [
        0 => 'yii'
        1 => 'migrate/down'
    ]
    'argc' => 2
]
2015-09-11 13:16:48 [-][-][-][error][yii\db\Exception] exception 'PDOException' with message 'SQLSTATE[42000]: Syntax error or access violation: 1064 You have an error in your SQL syntax; check the manual that corresponds to your MySQL server version for the right syntax to use near 'integerNOT NULL,
	`pic` tinyint(1)
) CHARACTER SET utf8 COLLATE utf8_unicode_ci ' at line 5' in /var/www/play.pe/_protected/vendor/yiisoft/yii2/db/Command.php:781
Stack trace:
#0 /var/www/play.pe/_protected/vendor/yiisoft/yii2/db/Command.php(781): PDOStatement->execute()
#1 /var/www/play.pe/_protected/vendor/yiisoft/yii2/db/Migration.php(260): yii\db\Command->execute()
#2 /var/www/play.pe/_protected/console/migrations/m150911_093700_0.php(23): yii\db\Migration->createTable('{{%application}...', Array, 'CHARACTER SET u...')
#3 /var/www/play.pe/_protected/vendor/yiisoft/yii2/console/controllers/BaseMigrateController.php(492): m150911_093700_0->up()
#4 /var/www/play.pe/_protected/vendor/yiisoft/yii2/console/controllers/BaseMigrateController.php(129): yii\console\controllers\BaseMigrateController->migrateUp('m150911_093700_...')
#5 [internal function]: yii\console\controllers\BaseMigrateController->actionUp(0)
#6 /var/www/play.pe/_protected/vendor/yiisoft/yii2/base/InlineAction.php(55): call_user_func_array(Array, Array)
#7 /var/www/play.pe/_protected/vendor/yiisoft/yii2/base/Controller.php(151): yii\base\InlineAction->runWithParams(Array)
#8 /var/www/play.pe/_protected/vendor/yiisoft/yii2/console/Controller.php(91): yii\base\Controller->runAction('', Array)
#9 /var/www/play.pe/_protected/vendor/yiisoft/yii2/base/Module.php(455): yii\console\Controller->runAction('', Array)
#10 /var/www/play.pe/_protected/vendor/yiisoft/yii2/console/Application.php(167): yii\base\Module->runAction('migrate', Array)
#11 /var/www/play.pe/_protected/vendor/yiisoft/yii2/console/Application.php(143): yii\console\Application->runAction('migrate', Array)
#12 /var/www/play.pe/_protected/vendor/yiisoft/yii2/base/Application.php(375): yii\console\Application->handleRequest(Object(yii\console\Request))
#13 /var/www/play.pe/_protected/yii(25): yii\base\Application->run()
#14 {main}

Next exception 'yii\db\Exception' with message 'SQLSTATE[42000]: Syntax error or access violation: 1064 You have an error in your SQL syntax; check the manual that corresponds to your MySQL server version for the right syntax to use near 'integerNOT NULL,
	`pic` tinyint(1)
) CHARACTER SET utf8 COLLATE utf8_unicode_ci ' at line 5
The SQL being executed was: CREATE TABLE `application` (
	`id` int(11) NOT NULL AUTO_INCREMENT PRIMARY KEY,
	`name` varchar(255) NOT NULL,
	`info` text,
	`group` integerNOT NULL,
	`pic` tinyint(1)
) CHARACTER SET utf8 COLLATE utf8_unicode_ci ENGINE=InnoDB' in /var/www/play.pe/_protected/vendor/yiisoft/yii2/db/Schema.php:628
Stack trace:
#0 /var/www/play.pe/_protected/vendor/yiisoft/yii2/db/Command.php(791): yii\db\Schema->convertException(Object(PDOException), 'CREATE TABLE `a...')
#1 /var/www/play.pe/_protected/vendor/yiisoft/yii2/db/Migration.php(260): yii\db\Command->execute()
#2 /var/www/play.pe/_protected/console/migrations/m150911_093700_0.php(23): yii\db\Migration->createTable('{{%application}...', Array, 'CHARACTER SET u...')
#3 /var/www/play.pe/_protected/vendor/yiisoft/yii2/console/controllers/BaseMigrateController.php(492): m150911_093700_0->up()
#4 /var/www/play.pe/_protected/vendor/yiisoft/yii2/console/controllers/BaseMigrateController.php(129): yii\console\controllers\BaseMigrateController->migrateUp('m150911_093700_...')
#5 [internal function]: yii\console\controllers\BaseMigrateController->actionUp(0)
#6 /var/www/play.pe/_protected/vendor/yiisoft/yii2/base/InlineAction.php(55): call_user_func_array(Array, Array)
#7 /var/www/play.pe/_protected/vendor/yiisoft/yii2/base/Controller.php(151): yii\base\InlineAction->runWithParams(Array)
#8 /var/www/play.pe/_protected/vendor/yiisoft/yii2/console/Controller.php(91): yii\base\Controller->runAction('', Array)
#9 /var/www/play.pe/_protected/vendor/yiisoft/yii2/base/Module.php(455): yii\console\Controller->runAction('', Array)
#10 /var/www/play.pe/_protected/vendor/yiisoft/yii2/console/Application.php(167): yii\base\Module->runAction('migrate', Array)
#11 /var/www/play.pe/_protected/vendor/yiisoft/yii2/console/Application.php(143): yii\console\Application->runAction('migrate', Array)
#12 /var/www/play.pe/_protected/vendor/yiisoft/yii2/base/Application.php(375): yii\console\Application->handleRequest(Object(yii\console\Request))
#13 /var/www/play.pe/_protected/yii(25): yii\base\Application->run()
#14 {main}
Additional Information:
Array
(
    [0] => 42000
    [1] => 1064
    [2] => You have an error in your SQL syntax; check the manual that corresponds to your MySQL server version for the right syntax to use near 'integerNOT NULL,
	`pic` tinyint(1)
) CHARACTER SET utf8 COLLATE utf8_unicode_ci ' at line 5
)

2015-09-11 13:16:46 [-][-][-][info][application] $_SERVER = [
    'XDG_VTNR' => '7'
    'LC_PAPER' => 'ru_RU.UTF-8'
    'LC_ADDRESS' => 'ru_RU.UTF-8'
    'XDG_SESSION_ID' => 'c2'
    'XDG_GREETER_DATA_DIR' => '/var/lib/lightdm-data/kate'
    'SELINUX_INIT' => 'YES'
    'LC_MONETARY' => 'ru_RU.UTF-8'
    'CLUTTER_IM_MODULE' => 'xim'
    'GPG_AGENT_INFO' => '/run/user/1000/keyring-Zqwz4r/gpg:0:1'
    'TERM' => 'xterm'
    'VTE_VERSION' => '3409'
    'SHELL' => '/bin/bash'
    'WINDOWID' => '81788940'
    'LC_NUMERIC' => 'ru_RU.UTF-8'
    'UPSTART_SESSION' => 'unix:abstract=/com/ubuntu/upstart-session/1000/2715'
    'GNOME_KEYRING_CONTROL' => '/run/user/1000/keyring-Zqwz4r'
    'GTK_MODULES' => 'overlay-scrollbar:unity-gtk-module'
    'USER' => 'kate'
    'LS_COLORS' => 'rs=0:di=01;34:ln=01;36:mh=00:pi=40;33:so=01;35:do=01;35:bd=40;33;01:cd=40;33;01:or=40;31;01:su=37;41:sg=30;43:ca=30;41:tw=30;42:ow=34;42:st=37;44:ex=01;32:*.tar=01;31:*.tgz=01;31:*.arj=01;31:*.taz=01;31:*.lzh=01;31:*.lzma=01;31:*.tlz=01;31:*.txz=01;31:*.zip=01;31:*.z=01;31:*.Z=01;31:*.dz=01;31:*.gz=01;31:*.lz=01;31:*.xz=01;31:*.bz2=01;31:*.bz=01;31:*.tbz=01;31:*.tbz2=01;31:*.tz=01;31:*.deb=01;31:*.rpm=01;31:*.jar=01;31:*.war=01;31:*.ear=01;31:*.sar=01;31:*.rar=01;31:*.ace=01;31:*.zoo=01;31:*.cpio=01;31:*.7z=01;31:*.rz=01;31:*.jpg=01;35:*.jpeg=01;35:*.gif=01;35:*.bmp=01;35:*.pbm=01;35:*.pgm=01;35:*.ppm=01;35:*.tga=01;35:*.xbm=01;35:*.xpm=01;35:*.tif=01;35:*.tiff=01;35:*.png=01;35:*.svg=01;35:*.svgz=01;35:*.mng=01;35:*.pcx=01;35:*.mov=01;35:*.mpg=01;35:*.mpeg=01;35:*.m2v=01;35:*.mkv=01;35:*.webm=01;35:*.ogm=01;35:*.mp4=01;35:*.m4v=01;35:*.mp4v=01;35:*.vob=01;35:*.qt=01;35:*.nuv=01;35:*.wmv=01;35:*.asf=01;35:*.rm=01;35:*.rmvb=01;35:*.flc=01;35:*.avi=01;35:*.fli=01;35:*.flv=01;35:*.gl=01;35:*.dl=01;35:*.xcf=01;35:*.xwd=01;35:*.yuv=01;35:*.cgm=01;35:*.emf=01;35:*.axv=01;35:*.anx=01;35:*.ogv=01;35:*.ogx=01;35:*.aac=00;36:*.au=00;36:*.flac=00;36:*.mid=00;36:*.midi=00;36:*.mka=00;36:*.mp3=00;36:*.mpc=00;36:*.ogg=00;36:*.ra=00;36:*.wav=00;36:*.axa=00;36:*.oga=00;36:*.spx=00;36:*.xspf=00;36:'
    'LC_TELEPHONE' => 'ru_RU.UTF-8'
    'XDG_SESSION_PATH' => '/org/freedesktop/DisplayManager/Session0'
    'XDG_SEAT_PATH' => '/org/freedesktop/DisplayManager/Seat0'
    'SSH_AUTH_SOCK' => '/run/user/1000/keyring-Zqwz4r/ssh'
    'DEFAULTS_PATH' => '/usr/share/gconf/ubuntu.default.path'
    'XDG_CONFIG_DIRS' => '/etc/xdg/xdg-ubuntu:/usr/share/upstart/xdg:/etc/xdg'
    'DESKTOP_SESSION' => 'ubuntu'
    'PATH' => '/usr/local/sbin:/usr/local/bin:/usr/sbin:/usr/bin:/sbin:/bin:/usr/games:/usr/local/games'
    'QT_IM_MODULE' => 'ibus'
    'QT_QPA_PLATFORMTHEME' => 'appmenu-qt5'
    'LC_IDENTIFICATION' => 'ru_RU.UTF-8'
    'PWD' => '/var/www/play.pe/_protected'
    'JOB' => 'gnome-session'
    'XMODIFIERS' => '@im=ibus'
    'GNOME_KEYRING_PID' => '2713'
    'LANG' => 'en_US.UTF-8'
    'GDM_LANG' => 'en_US'
    'MANDATORY_PATH' => '/usr/share/gconf/ubuntu.mandatory.path'
    'LC_MEASUREMENT' => 'ru_RU.UTF-8'
    'COMPIZ_CONFIG_PROFILE' => 'ubuntu'
    'IM_CONFIG_PHASE' => '1'
    'GDMSESSION' => 'ubuntu'
    'SESSIONTYPE' => 'gnome-session'
    'SHLVL' => '1'
    'HOME' => '/home/kate'
    'XDG_SEAT' => 'seat0'
    'LANGUAGE' => 'en_US'
    'GNOME_DESKTOP_SESSION_ID' => 'this-is-deprecated'
    'UPSTART_INSTANCE' => ''
    'UPSTART_EVENTS' => 'started starting'
    'LOGNAME' => 'kate'
    'DBUS_SESSION_BUS_ADDRESS' => 'unix:abstract=/tmp/dbus-wMiSOa0gVJ'
    'XDG_DATA_DIRS' => '/usr/share/ubuntu:/usr/share/gnome:/usr/local/share/:/usr/share/'
    'QT4_IM_MODULE' => 'xim'
    'LESSOPEN' => '| /usr/bin/lesspipe %s'
    'INSTANCE' => 'Unity'
    'TEXTDOMAIN' => 'im-config'
    'UPSTART_JOB' => 'unity-settings-daemon'
    'XDG_RUNTIME_DIR' => '/run/user/1000'
    'DISPLAY' => ':0'
    'XDG_CURRENT_DESKTOP' => 'Unity'
    'GTK_IM_MODULE' => 'ibus'
    'LESSCLOSE' => '/usr/bin/lesspipe %s %s'
    'LC_TIME' => 'ru_RU.UTF-8'
    'TEXTDOMAINDIR' => '/usr/share/locale/'
    'LC_NAME' => 'ru_RU.UTF-8'
    'XAUTHORITY' => '/home/kate/.Xauthority'
    'COLORTERM' => 'gnome-terminal'
    'OLDPWD' => '/var/www/play.pe'
    '_' => '/usr/bin/php'
    'PHP_SELF' => 'yii'
    'SCRIPT_NAME' => 'yii'
    'SCRIPT_FILENAME' => 'yii'
    'PATH_TRANSLATED' => 'yii'
    'DOCUMENT_ROOT' => ''
    'REQUEST_TIME_FLOAT' => 1441977406.9587
    'REQUEST_TIME' => 1441977406
    'argv' => [
        0 => 'yii'
        1 => 'migrate'
    ]
    'argc' => 2
]
2015-09-11 13:17:49 [-][-][-][error][yii\db\Exception] exception 'PDOException' with message 'SQLSTATE[42000]: Syntax error or access violation: 1064 You have an error in your SQL syntax; check the manual that corresponds to your MySQL server version for the right syntax to use near 'integerNOT NULL,
	`pic` tinyint(1)
) CHARACTER SET utf8 COLLATE utf8_unicode_ci ' at line 5' in /var/www/play.pe/_protected/vendor/yiisoft/yii2/db/Command.php:781
Stack trace:
#0 /var/www/play.pe/_protected/vendor/yiisoft/yii2/db/Command.php(781): PDOStatement->execute()
#1 /var/www/play.pe/_protected/vendor/yiisoft/yii2/db/Migration.php(260): yii\db\Command->execute()
#2 /var/www/play.pe/_protected/console/migrations/m150911_093700_0.php(23): yii\db\Migration->createTable('{{%application}...', Array, 'CHARACTER SET u...')
#3 /var/www/play.pe/_protected/vendor/yiisoft/yii2/console/controllers/BaseMigrateController.php(492): m150911_093700_0->up()
#4 /var/www/play.pe/_protected/vendor/yiisoft/yii2/console/controllers/BaseMigrateController.php(129): yii\console\controllers\BaseMigrateController->migrateUp('m150911_093700_...')
#5 [internal function]: yii\console\controllers\BaseMigrateController->actionUp(0)
#6 /var/www/play.pe/_protected/vendor/yiisoft/yii2/base/InlineAction.php(55): call_user_func_array(Array, Array)
#7 /var/www/play.pe/_protected/vendor/yiisoft/yii2/base/Controller.php(151): yii\base\InlineAction->runWithParams(Array)
#8 /var/www/play.pe/_protected/vendor/yiisoft/yii2/console/Controller.php(91): yii\base\Controller->runAction('', Array)
#9 /var/www/play.pe/_protected/vendor/yiisoft/yii2/base/Module.php(455): yii\console\Controller->runAction('', Array)
#10 /var/www/play.pe/_protected/vendor/yiisoft/yii2/console/Application.php(167): yii\base\Module->runAction('migrate', Array)
#11 /var/www/play.pe/_protected/vendor/yiisoft/yii2/console/Application.php(143): yii\console\Application->runAction('migrate', Array)
#12 /var/www/play.pe/_protected/vendor/yiisoft/yii2/base/Application.php(375): yii\console\Application->handleRequest(Object(yii\console\Request))
#13 /var/www/play.pe/_protected/yii(25): yii\base\Application->run()
#14 {main}

Next exception 'yii\db\Exception' with message 'SQLSTATE[42000]: Syntax error or access violation: 1064 You have an error in your SQL syntax; check the manual that corresponds to your MySQL server version for the right syntax to use near 'integerNOT NULL,
	`pic` tinyint(1)
) CHARACTER SET utf8 COLLATE utf8_unicode_ci ' at line 5
The SQL being executed was: CREATE TABLE `application` (
	`id` int(11) NOT NULL AUTO_INCREMENT PRIMARY KEY,
	`name` varchar(255) NOT NULL,
	`info` text,
	`group_id` integerNOT NULL,
	`pic` tinyint(1)
) CHARACTER SET utf8 COLLATE utf8_unicode_ci ENGINE=InnoDB' in /var/www/play.pe/_protected/vendor/yiisoft/yii2/db/Schema.php:628
Stack trace:
#0 /var/www/play.pe/_protected/vendor/yiisoft/yii2/db/Command.php(791): yii\db\Schema->convertException(Object(PDOException), 'CREATE TABLE `a...')
#1 /var/www/play.pe/_protected/vendor/yiisoft/yii2/db/Migration.php(260): yii\db\Command->execute()
#2 /var/www/play.pe/_protected/console/migrations/m150911_093700_0.php(23): yii\db\Migration->createTable('{{%application}...', Array, 'CHARACTER SET u...')
#3 /var/www/play.pe/_protected/vendor/yiisoft/yii2/console/controllers/BaseMigrateController.php(492): m150911_093700_0->up()
#4 /var/www/play.pe/_protected/vendor/yiisoft/yii2/console/controllers/BaseMigrateController.php(129): yii\console\controllers\BaseMigrateController->migrateUp('m150911_093700_...')
#5 [internal function]: yii\console\controllers\BaseMigrateController->actionUp(0)
#6 /var/www/play.pe/_protected/vendor/yiisoft/yii2/base/InlineAction.php(55): call_user_func_array(Array, Array)
#7 /var/www/play.pe/_protected/vendor/yiisoft/yii2/base/Controller.php(151): yii\base\InlineAction->runWithParams(Array)
#8 /var/www/play.pe/_protected/vendor/yiisoft/yii2/console/Controller.php(91): yii\base\Controller->runAction('', Array)
#9 /var/www/play.pe/_protected/vendor/yiisoft/yii2/base/Module.php(455): yii\console\Controller->runAction('', Array)
#10 /var/www/play.pe/_protected/vendor/yiisoft/yii2/console/Application.php(167): yii\base\Module->runAction('migrate', Array)
#11 /var/www/play.pe/_protected/vendor/yiisoft/yii2/console/Application.php(143): yii\console\Application->runAction('migrate', Array)
#12 /var/www/play.pe/_protected/vendor/yiisoft/yii2/base/Application.php(375): yii\console\Application->handleRequest(Object(yii\console\Request))
#13 /var/www/play.pe/_protected/yii(25): yii\base\Application->run()
#14 {main}
Additional Information:
Array
(
    [0] => 42000
    [1] => 1064
    [2] => You have an error in your SQL syntax; check the manual that corresponds to your MySQL server version for the right syntax to use near 'integerNOT NULL,
	`pic` tinyint(1)
) CHARACTER SET utf8 COLLATE utf8_unicode_ci ' at line 5
)

2015-09-11 13:17:48 [-][-][-][info][application] $_SERVER = [
    'XDG_VTNR' => '7'
    'LC_PAPER' => 'ru_RU.UTF-8'
    'LC_ADDRESS' => 'ru_RU.UTF-8'
    'XDG_SESSION_ID' => 'c2'
    'XDG_GREETER_DATA_DIR' => '/var/lib/lightdm-data/kate'
    'SELINUX_INIT' => 'YES'
    'LC_MONETARY' => 'ru_RU.UTF-8'
    'CLUTTER_IM_MODULE' => 'xim'
    'GPG_AGENT_INFO' => '/run/user/1000/keyring-Zqwz4r/gpg:0:1'
    'TERM' => 'xterm'
    'VTE_VERSION' => '3409'
    'SHELL' => '/bin/bash'
    'WINDOWID' => '81788940'
    'LC_NUMERIC' => 'ru_RU.UTF-8'
    'UPSTART_SESSION' => 'unix:abstract=/com/ubuntu/upstart-session/1000/2715'
    'GNOME_KEYRING_CONTROL' => '/run/user/1000/keyring-Zqwz4r'
    'GTK_MODULES' => 'overlay-scrollbar:unity-gtk-module'
    'USER' => 'kate'
    'LS_COLORS' => 'rs=0:di=01;34:ln=01;36:mh=00:pi=40;33:so=01;35:do=01;35:bd=40;33;01:cd=40;33;01:or=40;31;01:su=37;41:sg=30;43:ca=30;41:tw=30;42:ow=34;42:st=37;44:ex=01;32:*.tar=01;31:*.tgz=01;31:*.arj=01;31:*.taz=01;31:*.lzh=01;31:*.lzma=01;31:*.tlz=01;31:*.txz=01;31:*.zip=01;31:*.z=01;31:*.Z=01;31:*.dz=01;31:*.gz=01;31:*.lz=01;31:*.xz=01;31:*.bz2=01;31:*.bz=01;31:*.tbz=01;31:*.tbz2=01;31:*.tz=01;31:*.deb=01;31:*.rpm=01;31:*.jar=01;31:*.war=01;31:*.ear=01;31:*.sar=01;31:*.rar=01;31:*.ace=01;31:*.zoo=01;31:*.cpio=01;31:*.7z=01;31:*.rz=01;31:*.jpg=01;35:*.jpeg=01;35:*.gif=01;35:*.bmp=01;35:*.pbm=01;35:*.pgm=01;35:*.ppm=01;35:*.tga=01;35:*.xbm=01;35:*.xpm=01;35:*.tif=01;35:*.tiff=01;35:*.png=01;35:*.svg=01;35:*.svgz=01;35:*.mng=01;35:*.pcx=01;35:*.mov=01;35:*.mpg=01;35:*.mpeg=01;35:*.m2v=01;35:*.mkv=01;35:*.webm=01;35:*.ogm=01;35:*.mp4=01;35:*.m4v=01;35:*.mp4v=01;35:*.vob=01;35:*.qt=01;35:*.nuv=01;35:*.wmv=01;35:*.asf=01;35:*.rm=01;35:*.rmvb=01;35:*.flc=01;35:*.avi=01;35:*.fli=01;35:*.flv=01;35:*.gl=01;35:*.dl=01;35:*.xcf=01;35:*.xwd=01;35:*.yuv=01;35:*.cgm=01;35:*.emf=01;35:*.axv=01;35:*.anx=01;35:*.ogv=01;35:*.ogx=01;35:*.aac=00;36:*.au=00;36:*.flac=00;36:*.mid=00;36:*.midi=00;36:*.mka=00;36:*.mp3=00;36:*.mpc=00;36:*.ogg=00;36:*.ra=00;36:*.wav=00;36:*.axa=00;36:*.oga=00;36:*.spx=00;36:*.xspf=00;36:'
    'LC_TELEPHONE' => 'ru_RU.UTF-8'
    'XDG_SESSION_PATH' => '/org/freedesktop/DisplayManager/Session0'
    'XDG_SEAT_PATH' => '/org/freedesktop/DisplayManager/Seat0'
    'SSH_AUTH_SOCK' => '/run/user/1000/keyring-Zqwz4r/ssh'
    'DEFAULTS_PATH' => '/usr/share/gconf/ubuntu.default.path'
    'XDG_CONFIG_DIRS' => '/etc/xdg/xdg-ubuntu:/usr/share/upstart/xdg:/etc/xdg'
    'DESKTOP_SESSION' => 'ubuntu'
    'PATH' => '/usr/local/sbin:/usr/local/bin:/usr/sbin:/usr/bin:/sbin:/bin:/usr/games:/usr/local/games'
    'QT_IM_MODULE' => 'ibus'
    'QT_QPA_PLATFORMTHEME' => 'appmenu-qt5'
    'LC_IDENTIFICATION' => 'ru_RU.UTF-8'
    'PWD' => '/var/www/play.pe/_protected'
    'JOB' => 'gnome-session'
    'XMODIFIERS' => '@im=ibus'
    'GNOME_KEYRING_PID' => '2713'
    'LANG' => 'en_US.UTF-8'
    'GDM_LANG' => 'en_US'
    'MANDATORY_PATH' => '/usr/share/gconf/ubuntu.mandatory.path'
    'LC_MEASUREMENT' => 'ru_RU.UTF-8'
    'COMPIZ_CONFIG_PROFILE' => 'ubuntu'
    'IM_CONFIG_PHASE' => '1'
    'GDMSESSION' => 'ubuntu'
    'SESSIONTYPE' => 'gnome-session'
    'SHLVL' => '1'
    'HOME' => '/home/kate'
    'XDG_SEAT' => 'seat0'
    'LANGUAGE' => 'en_US'
    'GNOME_DESKTOP_SESSION_ID' => 'this-is-deprecated'
    'UPSTART_INSTANCE' => ''
    'UPSTART_EVENTS' => 'started starting'
    'LOGNAME' => 'kate'
    'DBUS_SESSION_BUS_ADDRESS' => 'unix:abstract=/tmp/dbus-wMiSOa0gVJ'
    'XDG_DATA_DIRS' => '/usr/share/ubuntu:/usr/share/gnome:/usr/local/share/:/usr/share/'
    'QT4_IM_MODULE' => 'xim'
    'LESSOPEN' => '| /usr/bin/lesspipe %s'
    'INSTANCE' => 'Unity'
    'TEXTDOMAIN' => 'im-config'
    'UPSTART_JOB' => 'unity-settings-daemon'
    'XDG_RUNTIME_DIR' => '/run/user/1000'
    'DISPLAY' => ':0'
    'XDG_CURRENT_DESKTOP' => 'Unity'
    'GTK_IM_MODULE' => 'ibus'
    'LESSCLOSE' => '/usr/bin/lesspipe %s %s'
    'LC_TIME' => 'ru_RU.UTF-8'
    'TEXTDOMAINDIR' => '/usr/share/locale/'
    'LC_NAME' => 'ru_RU.UTF-8'
    'XAUTHORITY' => '/home/kate/.Xauthority'
    'COLORTERM' => 'gnome-terminal'
    'OLDPWD' => '/var/www/play.pe'
    '_' => '/usr/bin/php'
    'PHP_SELF' => 'yii'
    'SCRIPT_NAME' => 'yii'
    'SCRIPT_FILENAME' => 'yii'
    'PATH_TRANSLATED' => 'yii'
    'DOCUMENT_ROOT' => ''
    'REQUEST_TIME_FLOAT' => 1441977468.4913
    'REQUEST_TIME' => 1441977468
    'argv' => [
        0 => 'yii'
        1 => 'migrate'
    ]
    'argc' => 2
]
2015-09-11 13:20:17 [-][-][-][error][yii\db\Exception] exception 'PDOException' with message 'SQLSTATE[42000]: Syntax error or access violation: 1064 You have an error in your SQL syntax; check the manual that corresponds to your MySQL server version for the right syntax to use near 'integerNOT NULL,
	`pic` tinyint(1)
) CHARACTER SET utf8 COLLATE utf8_unicode_ci ' at line 5' in /var/www/play.pe/_protected/vendor/yiisoft/yii2/db/Command.php:781
Stack trace:
#0 /var/www/play.pe/_protected/vendor/yiisoft/yii2/db/Command.php(781): PDOStatement->execute()
#1 /var/www/play.pe/_protected/vendor/yiisoft/yii2/db/Migration.php(260): yii\db\Command->execute()
#2 /var/www/play.pe/_protected/console/migrations/m150911_093700_0.php(23): yii\db\Migration->createTable('{{%application}...', Array, 'CHARACTER SET u...')
#3 /var/www/play.pe/_protected/vendor/yiisoft/yii2/console/controllers/BaseMigrateController.php(492): m150911_093700_0->up()
#4 /var/www/play.pe/_protected/vendor/yiisoft/yii2/console/controllers/BaseMigrateController.php(129): yii\console\controllers\BaseMigrateController->migrateUp('m150911_093700_...')
#5 [internal function]: yii\console\controllers\BaseMigrateController->actionUp(0)
#6 /var/www/play.pe/_protected/vendor/yiisoft/yii2/base/InlineAction.php(55): call_user_func_array(Array, Array)
#7 /var/www/play.pe/_protected/vendor/yiisoft/yii2/base/Controller.php(151): yii\base\InlineAction->runWithParams(Array)
#8 /var/www/play.pe/_protected/vendor/yiisoft/yii2/console/Controller.php(91): yii\base\Controller->runAction('', Array)
#9 /var/www/play.pe/_protected/vendor/yiisoft/yii2/base/Module.php(455): yii\console\Controller->runAction('', Array)
#10 /var/www/play.pe/_protected/vendor/yiisoft/yii2/console/Application.php(167): yii\base\Module->runAction('migrate', Array)
#11 /var/www/play.pe/_protected/vendor/yiisoft/yii2/console/Application.php(143): yii\console\Application->runAction('migrate', Array)
#12 /var/www/play.pe/_protected/vendor/yiisoft/yii2/base/Application.php(375): yii\console\Application->handleRequest(Object(yii\console\Request))
#13 /var/www/play.pe/_protected/yii(25): yii\base\Application->run()
#14 {main}

Next exception 'yii\db\Exception' with message 'SQLSTATE[42000]: Syntax error or access violation: 1064 You have an error in your SQL syntax; check the manual that corresponds to your MySQL server version for the right syntax to use near 'integerNOT NULL,
	`pic` tinyint(1)
) CHARACTER SET utf8 COLLATE utf8_unicode_ci ' at line 5
The SQL being executed was: CREATE TABLE `application` (
	`id` int(11) NOT NULL AUTO_INCREMENT PRIMARY KEY,
	`name` varchar(255) NOT NULL,
	`info` text,
	`group_id` integerNOT NULL,
	`pic` tinyint(1)
) CHARACTER SET utf8 COLLATE utf8_unicode_ci ENGINE=InnoDB' in /var/www/play.pe/_protected/vendor/yiisoft/yii2/db/Schema.php:628
Stack trace:
#0 /var/www/play.pe/_protected/vendor/yiisoft/yii2/db/Command.php(791): yii\db\Schema->convertException(Object(PDOException), 'CREATE TABLE `a...')
#1 /var/www/play.pe/_protected/vendor/yiisoft/yii2/db/Migration.php(260): yii\db\Command->execute()
#2 /var/www/play.pe/_protected/console/migrations/m150911_093700_0.php(23): yii\db\Migration->createTable('{{%application}...', Array, 'CHARACTER SET u...')
#3 /var/www/play.pe/_protected/vendor/yiisoft/yii2/console/controllers/BaseMigrateController.php(492): m150911_093700_0->up()
#4 /var/www/play.pe/_protected/vendor/yiisoft/yii2/console/controllers/BaseMigrateController.php(129): yii\console\controllers\BaseMigrateController->migrateUp('m150911_093700_...')
#5 [internal function]: yii\console\controllers\BaseMigrateController->actionUp(0)
#6 /var/www/play.pe/_protected/vendor/yiisoft/yii2/base/InlineAction.php(55): call_user_func_array(Array, Array)
#7 /var/www/play.pe/_protected/vendor/yiisoft/yii2/base/Controller.php(151): yii\base\InlineAction->runWithParams(Array)
#8 /var/www/play.pe/_protected/vendor/yiisoft/yii2/console/Controller.php(91): yii\base\Controller->runAction('', Array)
#9 /var/www/play.pe/_protected/vendor/yiisoft/yii2/base/Module.php(455): yii\console\Controller->runAction('', Array)
#10 /var/www/play.pe/_protected/vendor/yiisoft/yii2/console/Application.php(167): yii\base\Module->runAction('migrate', Array)
#11 /var/www/play.pe/_protected/vendor/yiisoft/yii2/console/Application.php(143): yii\console\Application->runAction('migrate', Array)
#12 /var/www/play.pe/_protected/vendor/yiisoft/yii2/base/Application.php(375): yii\console\Application->handleRequest(Object(yii\console\Request))
#13 /var/www/play.pe/_protected/yii(25): yii\base\Application->run()
#14 {main}
Additional Information:
Array
(
    [0] => 42000
    [1] => 1064
    [2] => You have an error in your SQL syntax; check the manual that corresponds to your MySQL server version for the right syntax to use near 'integerNOT NULL,
	`pic` tinyint(1)
) CHARACTER SET utf8 COLLATE utf8_unicode_ci ' at line 5
)

2015-09-11 13:20:14 [-][-][-][info][application] $_SERVER = [
    'XDG_VTNR' => '7'
    'LC_PAPER' => 'ru_RU.UTF-8'
    'LC_ADDRESS' => 'ru_RU.UTF-8'
    'XDG_SESSION_ID' => 'c2'
    'XDG_GREETER_DATA_DIR' => '/var/lib/lightdm-data/kate'
    'SELINUX_INIT' => 'YES'
    'LC_MONETARY' => 'ru_RU.UTF-8'
    'CLUTTER_IM_MODULE' => 'xim'
    'GPG_AGENT_INFO' => '/run/user/1000/keyring-Zqwz4r/gpg:0:1'
    'TERM' => 'xterm'
    'VTE_VERSION' => '3409'
    'SHELL' => '/bin/bash'
    'WINDOWID' => '81788940'
    'LC_NUMERIC' => 'ru_RU.UTF-8'
    'UPSTART_SESSION' => 'unix:abstract=/com/ubuntu/upstart-session/1000/2715'
    'GNOME_KEYRING_CONTROL' => '/run/user/1000/keyring-Zqwz4r'
    'GTK_MODULES' => 'overlay-scrollbar:unity-gtk-module'
    'USER' => 'kate'
    'LS_COLORS' => 'rs=0:di=01;34:ln=01;36:mh=00:pi=40;33:so=01;35:do=01;35:bd=40;33;01:cd=40;33;01:or=40;31;01:su=37;41:sg=30;43:ca=30;41:tw=30;42:ow=34;42:st=37;44:ex=01;32:*.tar=01;31:*.tgz=01;31:*.arj=01;31:*.taz=01;31:*.lzh=01;31:*.lzma=01;31:*.tlz=01;31:*.txz=01;31:*.zip=01;31:*.z=01;31:*.Z=01;31:*.dz=01;31:*.gz=01;31:*.lz=01;31:*.xz=01;31:*.bz2=01;31:*.bz=01;31:*.tbz=01;31:*.tbz2=01;31:*.tz=01;31:*.deb=01;31:*.rpm=01;31:*.jar=01;31:*.war=01;31:*.ear=01;31:*.sar=01;31:*.rar=01;31:*.ace=01;31:*.zoo=01;31:*.cpio=01;31:*.7z=01;31:*.rz=01;31:*.jpg=01;35:*.jpeg=01;35:*.gif=01;35:*.bmp=01;35:*.pbm=01;35:*.pgm=01;35:*.ppm=01;35:*.tga=01;35:*.xbm=01;35:*.xpm=01;35:*.tif=01;35:*.tiff=01;35:*.png=01;35:*.svg=01;35:*.svgz=01;35:*.mng=01;35:*.pcx=01;35:*.mov=01;35:*.mpg=01;35:*.mpeg=01;35:*.m2v=01;35:*.mkv=01;35:*.webm=01;35:*.ogm=01;35:*.mp4=01;35:*.m4v=01;35:*.mp4v=01;35:*.vob=01;35:*.qt=01;35:*.nuv=01;35:*.wmv=01;35:*.asf=01;35:*.rm=01;35:*.rmvb=01;35:*.flc=01;35:*.avi=01;35:*.fli=01;35:*.flv=01;35:*.gl=01;35:*.dl=01;35:*.xcf=01;35:*.xwd=01;35:*.yuv=01;35:*.cgm=01;35:*.emf=01;35:*.axv=01;35:*.anx=01;35:*.ogv=01;35:*.ogx=01;35:*.aac=00;36:*.au=00;36:*.flac=00;36:*.mid=00;36:*.midi=00;36:*.mka=00;36:*.mp3=00;36:*.mpc=00;36:*.ogg=00;36:*.ra=00;36:*.wav=00;36:*.axa=00;36:*.oga=00;36:*.spx=00;36:*.xspf=00;36:'
    'LC_TELEPHONE' => 'ru_RU.UTF-8'
    'XDG_SESSION_PATH' => '/org/freedesktop/DisplayManager/Session0'
    'XDG_SEAT_PATH' => '/org/freedesktop/DisplayManager/Seat0'
    'SSH_AUTH_SOCK' => '/run/user/1000/keyring-Zqwz4r/ssh'
    'DEFAULTS_PATH' => '/usr/share/gconf/ubuntu.default.path'
    'XDG_CONFIG_DIRS' => '/etc/xdg/xdg-ubuntu:/usr/share/upstart/xdg:/etc/xdg'
    'DESKTOP_SESSION' => 'ubuntu'
    'PATH' => '/usr/local/sbin:/usr/local/bin:/usr/sbin:/usr/bin:/sbin:/bin:/usr/games:/usr/local/games'
    'QT_IM_MODULE' => 'ibus'
    'QT_QPA_PLATFORMTHEME' => 'appmenu-qt5'
    'LC_IDENTIFICATION' => 'ru_RU.UTF-8'
    'PWD' => '/var/www/play.pe/_protected'
    'JOB' => 'gnome-session'
    'XMODIFIERS' => '@im=ibus'
    'GNOME_KEYRING_PID' => '2713'
    'LANG' => 'en_US.UTF-8'
    'GDM_LANG' => 'en_US'
    'MANDATORY_PATH' => '/usr/share/gconf/ubuntu.mandatory.path'
    'LC_MEASUREMENT' => 'ru_RU.UTF-8'
    'COMPIZ_CONFIG_PROFILE' => 'ubuntu'
    'IM_CONFIG_PHASE' => '1'
    'GDMSESSION' => 'ubuntu'
    'SESSIONTYPE' => 'gnome-session'
    'SHLVL' => '1'
    'HOME' => '/home/kate'
    'XDG_SEAT' => 'seat0'
    'LANGUAGE' => 'en_US'
    'GNOME_DESKTOP_SESSION_ID' => 'this-is-deprecated'
    'UPSTART_INSTANCE' => ''
    'UPSTART_EVENTS' => 'started starting'
    'LOGNAME' => 'kate'
    'DBUS_SESSION_BUS_ADDRESS' => 'unix:abstract=/tmp/dbus-wMiSOa0gVJ'
    'XDG_DATA_DIRS' => '/usr/share/ubuntu:/usr/share/gnome:/usr/local/share/:/usr/share/'
    'QT4_IM_MODULE' => 'xim'
    'LESSOPEN' => '| /usr/bin/lesspipe %s'
    'INSTANCE' => 'Unity'
    'TEXTDOMAIN' => 'im-config'
    'UPSTART_JOB' => 'unity-settings-daemon'
    'XDG_RUNTIME_DIR' => '/run/user/1000'
    'DISPLAY' => ':0'
    'XDG_CURRENT_DESKTOP' => 'Unity'
    'GTK_IM_MODULE' => 'ibus'
    'LESSCLOSE' => '/usr/bin/lesspipe %s %s'
    'LC_TIME' => 'ru_RU.UTF-8'
    'TEXTDOMAINDIR' => '/usr/share/locale/'
    'LC_NAME' => 'ru_RU.UTF-8'
    'XAUTHORITY' => '/home/kate/.Xauthority'
    'COLORTERM' => 'gnome-terminal'
    'OLDPWD' => '/var/www/play.pe'
    '_' => '/usr/bin/php'
    'PHP_SELF' => 'yii'
    'SCRIPT_NAME' => 'yii'
    'SCRIPT_FILENAME' => 'yii'
    'PATH_TRANSLATED' => 'yii'
    'DOCUMENT_ROOT' => ''
    'REQUEST_TIME_FLOAT' => 1441977614.9828
    'REQUEST_TIME' => 1441977614
    'argv' => [
        0 => 'yii'
        1 => 'migrate'
    ]
    'argc' => 2
]
